
===========================================================

[2025-01-15 11:10:19] Program started: REQUIRED_COUNT=1
[2025-01-15 11:10:19] File comparison completed. Execution time: 0.031 ms
[2025-01-15 11:10:19] Write majority content to result file completed. Execution time: 0.158 ms
[2025-01-15 11:10:19] Matching groups: [1]
[2025-01-15 11:10:19] Program completed. Total execution time: 2.645 ms

===========================================================


===========================================================

[2025-01-16 04:12:57] Program started: REQUIRED_COUNT=1
[2025-01-16 04:12:57] File comparison completed. Execution time: 0.034 ms
[2025-01-16 04:12:57] Write majority content to result file completed. Execution time: 0.126 ms
[2025-01-16 04:12:57] Matching groups: [1]
[2025-01-16 04:12:57] Program completed. Total execution time: 1.591 ms

===========================================================


===========================================================

[2025-01-16 04:14:34] Program started: REQUIRED_COUNT=1
[2025-01-16 04:14:34] File comparison completed. Execution time: 0.013 ms
[2025-01-16 04:14:34] Write majority content to result file completed. Execution time: 0.093 ms
[2025-01-16 04:14:34] Matching groups: [1]
[2025-01-16 04:14:34] Program completed. Total execution time: 0.865 ms

===========================================================


===========================================================

[2025-01-16 04:19:55] Program started: REQUIRED_COUNT=1
[2025-01-16 04:19:55] File comparison completed. Execution time: 0.011 ms
[2025-01-16 04:19:55] Write majority content to result file completed. Execution time: 0.063 ms
[2025-01-16 04:19:55] Matching groups: [1]
[2025-01-16 04:19:55] Program completed. Total execution time: 1.058 ms

===========================================================


===========================================================

[2025-01-16 04:31:40] Program started: REQUIRED_COUNT=1
[2025-01-16 04:31:40] File comparison completed. Execution time: 0.023 ms
[2025-01-16 04:31:40] Write majority content to result file completed. Execution time: 0.115 ms
[2025-01-16 04:31:40] Matching groups: [1]
[2025-01-16 04:31:40] Program completed. Total execution time: 1.307 ms

===========================================================

