
===========================================================


===========================================================

[2025-01-15 11:08:11] Program started
[2025-01-15 11:08:11] Program started
[2025-01-15 11:08:11] Open merged file completed. Execution time: 0.088 ms
[2025-01-15 11:08:11] Open merged file completed. Execution time: 0.109 ms
[2025-01-15 11:08:11] Write line completed. Execution time: 0.024 ms
[2025-01-15 11:08:11] Write line completed. Execution time: 0.010 ms
[2025-01-15 11:08:11] Search result files completed. Execution time: 0.148 ms
[2025-01-15 11:08:11] Search result files completed. Execution time: 0.136 ms
[2025-01-15 11:08:11] Close merged file completed. Execution time: 0.004 ms
[2025-01-15 11:08:11] Program completed. Total execution time: 0.697 ms

===========================================================

[2025-01-15 11:08:11] Close merged file completed. Execution time: 0.055 ms
[2025-01-15 11:08:11] Program completed. Total execution time: 0.751 ms

===========================================================


===========================================================

[2025-01-15 11:10:19] Program started
[2025-01-15 11:10:19] Open merged file completed. Execution time: 0.097 ms
[2025-01-15 11:10:19] Write line completed. Execution time: 0.023 ms
[2025-01-15 11:10:19] Search result files completed. Execution time: 0.167 ms
[2025-01-15 11:10:19] Close merged file completed. Execution time: 0.068 ms
[2025-01-15 11:10:19] Program completed. Total execution time: 0.872 ms

===========================================================


===========================================================

[2025-01-15 11:10:19] Program started

===========================================================

[2025-01-15 11:10:19] Open merged file completed. Execution time: 0.067 ms
[2025-01-15 11:10:19] Program started
[2025-01-15 11:10:19] Open merged file completed. Execution time: 0.051 ms
[2025-01-15 11:10:19] Write line completed. Execution time: 0.047 ms
[2025-01-15 11:10:19] Search result files completed. Execution time: 0.156 ms
[2025-01-15 11:10:19] Write line completed. Execution time: 0.008 ms
[2025-01-15 11:10:19] Close merged file completed. Execution time: 0.054 ms
[2025-01-15 11:10:19] Search result files completed. Execution time: 0.140 ms
[2025-01-15 11:10:19] Program completed. Total execution time: 0.628 ms
[2025-01-15 11:10:19] Close merged file completed. Execution time: 0.003 ms

===========================================================

[2025-01-15 11:10:19] Program completed. Total execution time: 0.557 ms

===========================================================


===========================================================

[2025-01-15 11:10:19] Program started
[2025-01-15 11:10:19] Open merged file completed. Execution time: 0.075 ms
[2025-01-15 11:10:19] Write line completed. Execution time: 0.026 ms
[2025-01-15 11:10:19] Search result files completed. Execution time: 0.129 ms
[2025-01-15 11:10:19] Close merged file completed. Execution time: 0.059 ms
[2025-01-15 11:10:19] Program completed. Total execution time: 0.577 ms

===========================================================

