
===========================================================

[2025-01-08 10:36:19] Program started
[2025-01-08 10:36:19] getClientID completed. Execution time: 1.701 ms
[2025-01-08 10:36:19] Read file completed. Execution time: 0.019 ms
[2025-01-08 10:36:19] File saved successfully: uploads/job_1/group_1/result_0
[2025-01-08 10:36:19] Write file completed. Execution time: 3.597 ms
[2025-01-08 10:36:19] getGroupStatus completed. Execution time: 0.515 ms
[2025-01-08 10:36:19] Merge request completed. Execution time (not actual merge.php execution time, but just request): 1.630 ms
[2025-01-08 10:36:19] Program completed. Total execution time: 10.165 ms

===========================================================


===========================================================

[2025-01-09 07:30:36] Program started
[2025-01-09 07:30:36] getClientID completed. Execution time: 1.121 ms
[2025-01-09 07:30:36] Client ID mismatch. Expected: , Actual: 1

===========================================================

[2025-01-09 08:36:20] Program started
[2025-01-09 08:36:20] getClientID completed. Execution time: 1.015 ms
[2025-01-09 08:36:20] Client ID mismatch. Expected: , Actual: 1

===========================================================

[2025-01-09 08:44:18] Program started
[2025-01-09 08:44:18] getClientID completed. Execution time: 1.593 ms
[2025-01-09 08:44:18] Client ID mismatch. Expected: , Actual: 1

===========================================================

[2025-01-09 08:46:11] Program started
[2025-01-09 08:46:11] getClientID completed. Execution time: 0.795 ms
[2025-01-09 08:46:11] Client ID mismatch. Expected: , Actual: 1

===========================================================

[2025-01-09 08:56:34] Program started
[2025-01-09 08:56:34] getClientID completed. Execution time: 1.149 ms
[2025-01-09 08:56:34] Read file completed. Execution time: 0.022 ms
[2025-01-09 08:56:34] File saved successfully: uploads/job_1/group_1/result_0
[2025-01-09 08:56:34] Write file completed. Execution time: 13.192 ms
[2025-01-09 08:56:34] getGroupStatus completed. Execution time: 0.772 ms
[2025-01-09 08:56:34] Merge request completed. Execution time (not actual merge.php execution time, but just request): 1.313 ms
[2025-01-09 08:56:34] Program completed. Total execution time: 18.400 ms

===========================================================


===========================================================

[2025-01-09 09:04:22] Program started
[2025-01-09 09:04:22] getClientID completed. Execution time: 1.034 ms
[2025-01-09 09:04:22] Read file completed. Execution time: 0.020 ms
[2025-01-09 09:04:22] File saved successfully: uploads/job_1/group_1/result_2
[2025-01-09 09:04:22] Write file completed. Execution time: 3.405 ms
[2025-01-09 09:04:22] getGroupStatus completed. Execution time: 1.125 ms
[2025-01-09 09:04:22] Group 1 is not completed yet.
[2025-01-09 09:04:22] Program completed. Total execution time: 7.635 ms

===========================================================


===========================================================

[2025-01-09 09:11:44] Program started
[2025-01-09 09:11:44] getClientID completed. Execution time: 1.021 ms
[2025-01-09 09:11:44] Read file completed. Execution time: 0.017 ms
[2025-01-09 09:11:44] File saved successfully: uploads/job_1/group_1/result_3
[2025-01-09 09:11:44] Write file completed. Execution time: 2.685 ms
[2025-01-09 09:11:44] getGroupStatus completed. Execution time: 1.025 ms
[2025-01-09 09:11:44] Group 1 is not completed yet.
[2025-01-09 09:11:44] Program completed. Total execution time: 6.741 ms

===========================================================


===========================================================

[2025-01-09 09:51:00] Program started
[2025-01-09 09:51:00] getClientID completed. Execution time: 1.216 ms
[2025-01-09 09:51:00] Read file completed. Execution time: 0.023 ms
[2025-01-09 09:51:00] File saved successfully: uploads/job_1/group_1/result_2
[2025-01-09 09:51:00] Write file completed. Execution time: 1.861 ms
[2025-01-09 09:51:00] getGroupStatus completed. Execution time: 0.142 ms
[2025-01-09 09:51:00] Group 1 is not completed yet.
[2025-01-09 09:51:00] Program completed. Total execution time: 5.193 ms

===========================================================


===========================================================

[2025-01-09 10:01:23] Program started
[2025-01-09 10:01:23] getClientID completed. Execution time: 1.484 ms
[2025-01-09 10:01:23] Read file completed. Execution time: 0.040 ms
[2025-01-09 10:01:23] File saved successfully: uploads/job_1/group_1/result_2
[2025-01-09 10:01:23] Write file completed. Execution time: 3.989 ms
[2025-01-09 10:01:23] getGroupStatus completed. Execution time: 0.762 ms
[2025-01-09 10:01:23] Group 1 is not completed yet.
[2025-01-09 10:01:23] Program completed. Total execution time: 9.191 ms

===========================================================


===========================================================

[2025-01-14 04:21:48] Program started
[2025-01-14 04:21:48] getClientID completed. Execution time: 1.529 ms
[2025-01-14 04:21:48] Read file completed. Execution time: 0.021 ms
[2025-01-14 04:21:48] File saved successfully: uploads/job_1/group_1/result_0
[2025-01-14 04:21:48] Write file completed. Execution time: 4.199 ms
[2025-01-14 04:21:48] getGroupStatus completed. Execution time: 1.107 ms
[2025-01-14 04:21:48] Merge request completed. Execution time (not actual merge.php execution time, but just request): 1.961 ms
[2025-01-14 04:21:48] Program completed. Total execution time: 11.315 ms

===========================================================


===========================================================

[2025-01-14 05:10:27] Program started
[2025-01-14 05:10:27] getClientID completed. Execution time: 2.131 ms
[2025-01-14 05:10:27] Read file completed. Execution time: 0.011 ms
[2025-01-14 05:10:27] File saved successfully: uploads/job_1/group_1/result_2
[2025-01-14 05:10:27] Write file completed. Execution time: 2.094 ms
[2025-01-14 05:10:27] getGroupStatus completed. Execution time: 0.841 ms
[2025-01-14 05:10:27] Group 1 is not completed yet.
[2025-01-14 05:10:27] Program completed. Total execution time: 7.317 ms

===========================================================


===========================================================

[2025-01-14 05:13:02] Program started
[2025-01-14 05:13:02] getClientID completed. Execution time: 1.286 ms
[2025-01-14 05:13:02] Read file completed. Execution time: 0.013 ms
[2025-01-14 05:13:02] File saved successfully: uploads/job_1/group_1/result_1
[2025-01-14 05:13:02] Write file completed. Execution time: 2.326 ms
[2025-01-14 05:13:02] getGroupStatus completed. Execution time: 0.582 ms
[2025-01-14 05:13:02] Group 1 is not completed yet.
[2025-01-14 05:13:02] Program completed. Total execution time: 5.775 ms

===========================================================


===========================================================

[2025-01-14 05:16:05] Program started
[2025-01-14 05:16:05] getClientID completed. Execution time: 0.880 ms
[2025-01-14 05:16:05] Read file completed. Execution time: 0.019 ms
[2025-01-14 05:16:05] File saved successfully: uploads/job_1/group_1/result_1
[2025-01-14 05:16:05] Write file completed. Execution time: 3.172 ms
[2025-01-14 05:16:05] getGroupStatus completed. Execution time: 0.763 ms
[2025-01-14 05:16:05] Group 1 is not completed yet.
[2025-01-14 05:16:05] Program completed. Total execution time: 6.968 ms

===========================================================


===========================================================

[2025-01-14 06:25:53] Program started
[2025-01-14 06:25:53] getClientID completed. Execution time: 1.172 ms
[2025-01-14 06:25:53] Read file completed. Execution time: 0.012 ms
[2025-01-14 06:25:53] File saved successfully: uploads/job_1/group_1/result_2
[2025-01-14 06:25:53] Write file completed. Execution time: 2.433 ms
[2025-01-14 06:25:53] getGroupStatus completed. Execution time: 0.821 ms
[2025-01-14 06:25:53] Merge request completed. Execution time (not actual merge.php execution time, but just request): 2.000 ms
[2025-01-14 06:25:53] Program completed. Total execution time: 8.222 ms

===========================================================


===========================================================

[2025-01-15 09:24:40] Program started
[2025-01-15 09:24:40] getClientID completed. Execution time: 1.699 ms
[2025-01-15 09:24:40] Read file completed. Execution time: 0.018 ms
[2025-01-15 09:24:40] File saved successfully: uploads/job_1/group_1/result_0
[2025-01-15 09:24:40] Write file completed. Execution time: 4.101 ms
[2025-01-15 09:24:40] getGroupStatus completed. Execution time: 0.580 ms
[2025-01-15 09:24:40] Group 1 is not completed yet.
[2025-01-15 09:24:40] Program completed. Total execution time: 8.297 ms

===========================================================


===========================================================

[2025-01-15 09:42:27] Program started
[2025-01-15 09:42:27] [getClientID] MySQL connection established. Execution time: 0.421 ms
[2025-01-15 09:42:27] [getClientID] SELECT table_name FROM table_registry WHERE id = :job_id / Execution time: 0.464 ms
[2025-01-15 09:42:27] [getClientID] SELECT client FROM `matrix` WHERE id = :sub_job_id / Execution time: 0.369 ms
[2025-01-15 09:42:27] getClientID completed. Execution time: 1.507 ms
[2025-01-15 09:42:27] Read file completed. Execution time: 0.016 ms
[2025-01-15 09:42:27] File saved successfully: uploads/job_1/group_1/result_2
[2025-01-15 09:42:27] [updateStatus] MySQL connection established. Execution time: 0.132 ms
[2025-01-15 09:42:27] [updateStatus] SELECT table_name FROM table_registry WHERE id = :job_id FOR UPDATE / Execution time: 0.428 ms
[2025-01-15 09:42:27] [updateStatus] UPDATE `matrix` SET status = :status WHERE id = :sub_job_id / Execution time: 0.368 ms
[2025-01-15 09:42:27] [updateStatus] SELECT COUNT(*) AS total, SUM(...) FROM `matrix` / Execution time: 0.394 ms
[2025-01-15 09:42:27] updateStatus completed. Execution time: 2.511 ms
[2025-01-15 09:42:27] Write file completed. Execution time: 2.806 ms
[2025-01-15 09:42:27] [getGroupStatus] MySQL connection established. Execution time: 0.054 ms
[2025-01-15 09:42:27] [getGroupStatus] SELECT table_name FROM table_registry WHERE id = :job_id / Execution time: 0.289 ms
[2025-01-15 09:42:27] [getGroupStatus] SELECT status FROM `matrix` WHERE group_id = :group_id / Execution time: 0.260 ms
[2025-01-15 09:42:27] getGroupStatus completed. Execution time: 0.725 ms
[2025-01-15 09:42:27] Group 1 is not completed yet.
[2025-01-15 09:42:27] Program completed. Total execution time: 7.209 ms

===========================================================


===========================================================

[2025-01-15 10:01:19] Program started
[2025-01-15 10:01:19] [getClientID] MySQL connection established. Execution time: 0.159 ms
[2025-01-15 10:01:19] [getClientID] SELECT table_name FROM table_registry WHERE id = :job_id / Execution time: 0.660 ms
[2025-01-15 10:01:19] [getClientID] SELECT client FROM `matrix` WHERE id = :sub_job_id / Execution time: 0.533 ms
[2025-01-15 10:01:19] getClientID completed. Execution time: 1.760 ms
[2025-01-15 10:01:19] Read file completed. Execution time: 0.020 ms
[2025-01-15 10:01:19] File saved successfully: uploads/job_1/group_1/result_0
[2025-01-15 10:01:19] [updateStatus] MySQL connection established. Execution time: 0.201 ms
[2025-01-15 10:01:19] [updateStatus] SELECT table_name FROM table_registry WHERE id = :job_id FOR UPDATE / Execution time: 0.439 ms
[2025-01-15 10:01:19] [updateStatus] UPDATE `matrix` SET status = :status WHERE id = :sub_job_id / Execution time: 0.661 ms
[2025-01-15 10:01:19] [updateStatus] SELECT COUNT(*) AS total, SUM(...) FROM `matrix` / Execution time: 0.579 ms
[2025-01-15 10:01:19] [updateStatus] UPDATE table_registry SET status = :status WHERE id = :job_id / Execution time: 0.449 ms
[2025-01-15 10:01:19] updateStatus completed. Execution time: 3.987 ms
[2025-01-15 10:01:19] Write file completed. Execution time: 4.513 ms
[2025-01-15 10:01:19] [getGroupStatus] MySQL connection established. Execution time: 0.080 ms
[2025-01-15 10:01:19] [getGroupStatus] SELECT table_name FROM table_registry WHERE id = :job_id / Execution time: 0.414 ms
[2025-01-15 10:01:19] [getGroupStatus] SELECT status FROM `matrix` WHERE group_id = :group_id / Execution time: 0.480 ms
[2025-01-15 10:01:19] getGroupStatus completed. Execution time: 1.267 ms
[2025-01-15 10:01:19] Group 1 is not completed yet.
[2025-01-15 10:01:19] Program completed. Total execution time: 10.298 ms

===========================================================


===========================================================

[2025-01-15 10:04:26] Program started
[2025-01-15 10:04:26] [getClientID] MySQL connection established. Execution time: 0.549 ms
[2025-01-15 10:04:26] [getClientID] SELECT table_name FROM table_registry WHERE id = :job_id / Execution time: 0.614 ms
[2025-01-15 10:04:26] [getClientID] SELECT client FROM `matrix` WHERE id = :sub_job_id / Execution time: 0.478 ms
[2025-01-15 10:04:26] getClientID completed. Execution time: 1.946 ms
[2025-01-15 10:04:26] Read file completed. Execution time: 0.014 ms
[2025-01-15 10:04:26] File saved successfully: uploads/job_1/group_1/result_3
[2025-01-15 10:04:26] [updateStatus] MySQL connection established. Execution time: 0.153 ms
[2025-01-15 10:04:26] [updateStatus] SELECT table_name FROM table_registry WHERE id = :job_id FOR UPDATE / Execution time: 0.965 ms
[2025-01-15 10:04:26] [updateStatus] UPDATE `matrix` SET status = :status WHERE id = :sub_job_id / Execution time: 0.315 ms
[2025-01-15 10:04:26] [updateStatus] SELECT COUNT(*) AS total, SUM(...) FROM `matrix` / Execution time: 0.505 ms
[2025-01-15 10:04:26] updateStatus completed. Execution time: 3.129 ms
[2025-01-15 10:04:26] Write file completed. Execution time: 3.513 ms
[2025-01-15 10:04:26] [getGroupStatus] MySQL connection established. Execution time: 0.051 ms
[2025-01-15 10:04:26] [getGroupStatus] SELECT table_name FROM table_registry WHERE id = :job_id / Execution time: 0.289 ms
[2025-01-15 10:04:26] [getGroupStatus] SELECT status FROM `matrix` WHERE group_id = :group_id / Execution time: 0.169 ms
[2025-01-15 10:04:26] getGroupStatus completed. Execution time: 0.599 ms
[2025-01-15 10:04:26] Merge request completed. Execution time (not actual merge.php execution time, but just request): 1.460 ms
[2025-01-15 10:04:26] Program completed. Total execution time: 9.816 ms

===========================================================

