
===========================================================

[2025-01-16 07:13:30] Program started
[2025-01-16 07:13:30] [getClientID] MySQL connection established. Execution time: 0.021 ms
[2025-01-16 07:13:30] [getClientID] SELECT table_name FROM table_registry WHERE id = :job_id / Execution time: 0.077 ms
[2025-01-16 07:13:30] [getClientID] SELECT client FROM `matrix` WHERE id = :sub_job_id / Execution time: 0.038 ms
[2025-01-16 07:13:30] getClientID completed. Execution time: 0.160 ms
[2025-01-16 07:13:30] Read file completed. Execution time: 0.004 ms
[2025-01-16 07:13:30] File saved successfully: uploads/job_1/group_1/result_4
[2025-01-16 07:13:30] [updateStatus] MySQL connection established. Execution time: 0.019 ms
[2025-01-16 07:13:30] [updateStatus] SELECT table_name FROM table_registry WHERE id = :job_id FOR UPDATE / Execution time: 0.225 ms
[2025-01-16 07:13:30] [updateStatus] UPDATE `matrix` SET status = :status WHERE id = :sub_job_id / Execution time: 0.055 ms
[2025-01-16 07:13:30] [updateStatus] SELECT COUNT(*) AS total, SUM(...) FROM `matrix` / Execution time: 0.052 ms
[2025-01-16 07:13:30] [updateStatus] UPDATE table_registry SET status = :status WHERE id = :job_id / Execution time: 0.036 ms
[2025-01-16 07:13:30] updateStatus completed. Execution time: 0.698 ms
[2025-01-16 07:13:30] Write file completed. Execution time: 0.858 ms
[2025-01-16 07:13:30] [getGroupStatus] MySQL connection established. Execution time: 0.008 ms
[2025-01-16 07:13:30] [getGroupStatus] SELECT table_name FROM table_registry WHERE id = :job_id / Execution time: 0.054 ms
[2025-01-16 07:13:30] [getGroupStatus] SELECT status FROM `matrix` WHERE group_id = :group_id / Execution time: 0.041 ms
[2025-01-16 07:13:30] getGroupStatus completed. Execution time: 0.120 ms
[2025-01-16 07:13:30] Group 1 is not completed yet.
[2025-01-16 07:13:30] Program completed. Total execution time: 1.564 ms

===========================================================

