
===========================================================

[2025-01-08 10:36:19] Program started
[2025-01-08 10:36:19] getClientID completed. Execution time: 0.953 ms
[2025-01-08 10:36:19] Read file completed. Execution time: 0.018 ms
[2025-01-08 10:36:19] File saved successfully: uploads/job_1/group_1/result_3
[2025-01-08 10:36:19] Write file completed. Execution time: 3.478 ms
[2025-01-08 10:36:19] getGroupStatus completed. Execution time: 0.728 ms
[2025-01-08 10:36:19] Group 1 is not completed yet.
[2025-01-08 10:36:19] Program completed. Total execution time: 7.243 ms

===========================================================


===========================================================

[2025-01-09 07:30:36] Program started
[2025-01-09 07:30:36] getClientID completed. Execution time: 1.085 ms
[2025-01-09 07:30:36] Client ID mismatch. Expected: , Actual: 0

===========================================================

[2025-01-09 08:36:20] Program started
[2025-01-09 08:36:20] getClientID completed. Execution time: 1.850 ms
[2025-01-09 08:36:20] Client ID mismatch. Expected: , Actual: 0

===========================================================

[2025-01-09 08:44:18] Program started
[2025-01-09 08:44:18] getClientID completed. Execution time: 1.515 ms
[2025-01-09 08:44:18] Client ID mismatch. Expected: , Actual: 0

===========================================================

[2025-01-09 08:46:11] Program started
[2025-01-09 08:46:11] getClientID completed. Execution time: 1.146 ms
[2025-01-09 08:46:11] Client ID mismatch. Expected: , Actual: 0

===========================================================

[2025-01-09 08:56:34] Program started
[2025-01-09 08:56:34] getClientID completed. Execution time: 1.144 ms
[2025-01-09 08:56:34] Read file completed. Execution time: 0.027 ms
[2025-01-09 08:56:34] File saved successfully: uploads/job_1/group_1/result_3
[2025-01-09 08:56:34] Write file completed. Execution time: 8.851 ms
[2025-01-09 08:56:34] getGroupStatus completed. Execution time: 0.779 ms
[2025-01-09 08:56:34] Merge request completed. Execution time (not actual merge.php execution time, but just request): 2.138 ms
[2025-01-09 08:56:34] Program completed. Total execution time: 15.290 ms

===========================================================


===========================================================

[2025-01-09 09:04:22] Program started
[2025-01-09 09:04:22] getClientID completed. Execution time: 1.338 ms
[2025-01-09 09:04:22] Read file completed. Execution time: 0.019 ms
[2025-01-09 09:04:22] File saved successfully: uploads/job_1/group_1/result_1
[2025-01-09 09:04:22] Write file completed. Execution time: 3.752 ms
[2025-01-09 09:04:22] getGroupStatus completed. Execution time: 1.168 ms
[2025-01-09 09:04:22] Group 1 is not completed yet.
[2025-01-09 09:04:22] Program completed. Total execution time: 9.009 ms

===========================================================


===========================================================

[2025-01-09 09:11:44] Program started
[2025-01-09 09:11:44] getClientID completed. Execution time: 1.147 ms
[2025-01-09 09:11:44] Read file completed. Execution time: 0.022 ms
[2025-01-09 09:11:44] File saved successfully: uploads/job_1/group_1/result_0
[2025-01-09 09:11:44] Write file completed. Execution time: 2.437 ms
[2025-01-09 09:11:44] getGroupStatus completed. Execution time: 0.507 ms
[2025-01-09 09:11:44] Merge request completed. Execution time (not actual merge.php execution time, but just request): 2.084 ms
[2025-01-09 09:11:44] Program completed. Total execution time: 8.061 ms

===========================================================

