
===========================================================

[2025-01-08 10:36:19] Program started
[2025-01-08 10:36:19] getClientID completed. Execution time: 1.305 ms
[2025-01-08 10:36:19] Read file completed. Execution time: 0.016 ms
[2025-01-08 10:36:19] File saved successfully: uploads/job_1/group_1/result_1
[2025-01-08 10:36:19] Write file completed. Execution time: 2.856 ms
[2025-01-08 10:36:19] getGroupStatus completed. Execution time: 0.592 ms
[2025-01-08 10:36:19] Merge request completed. Execution time (not actual merge.php execution time, but just request): 2.315 ms
[2025-01-08 10:36:19] Program completed. Total execution time: 9.244 ms

===========================================================


===========================================================

[2025-01-09 07:30:36] Program started
[2025-01-09 07:30:36] getClientID completed. Execution time: 1.485 ms
[2025-01-09 07:30:36] Client ID mismatch. Expected: , Actual: 3

===========================================================

[2025-01-09 08:36:20] Program started
[2025-01-09 08:36:20] getClientID completed. Execution time: 1.232 ms
[2025-01-09 08:36:20] Client ID mismatch. Expected: , Actual: 3

===========================================================

[2025-01-09 08:44:18] Program started
[2025-01-09 08:44:18] getClientID completed. Execution time: 1.154 ms
[2025-01-09 08:44:18] Client ID mismatch. Expected: , Actual: 3

===========================================================

[2025-01-09 08:46:11] Program started
[2025-01-09 08:46:11] getClientID completed. Execution time: 1.704 ms
[2025-01-09 08:46:11] Client ID mismatch. Expected: , Actual: 3

===========================================================

[2025-01-09 08:56:34] Program started
[2025-01-09 08:56:34] getClientID completed. Execution time: 1.027 ms
[2025-01-09 08:56:34] Read file completed. Execution time: 0.016 ms
[2025-01-09 08:56:34] File saved successfully: uploads/job_1/group_1/result_2
[2025-01-09 08:56:34] Write file completed. Execution time: 12.010 ms
[2025-01-09 08:56:34] getGroupStatus completed. Execution time: 1.365 ms
[2025-01-09 08:56:34] Merge request completed. Execution time (not actual merge.php execution time, but just request): 2.913 ms
[2025-01-09 08:56:34] Program completed. Total execution time: 20.127 ms

===========================================================


===========================================================

[2025-01-09 09:04:22] Program started
[2025-01-09 09:04:22] getClientID completed. Execution time: 1.115 ms
[2025-01-09 09:04:22] Read file completed. Execution time: 0.015 ms
[2025-01-09 09:04:22] File saved successfully: uploads/job_1/group_1/result_3
[2025-01-09 09:04:22] Write file completed. Execution time: 3.579 ms
[2025-01-09 09:04:22] getGroupStatus completed. Execution time: 0.875 ms
[2025-01-09 09:04:22] Group 1 is not completed yet.
[2025-01-09 09:04:22] Program completed. Total execution time: 7.568 ms

===========================================================


===========================================================

[2025-01-09 09:11:44] Program started
[2025-01-09 09:11:44] getClientID completed. Execution time: 1.441 ms
[2025-01-09 09:11:44] Read file completed. Execution time: 0.015 ms
[2025-01-09 09:11:44] File saved successfully: uploads/job_1/group_1/result_1
[2025-01-09 09:11:44] Write file completed. Execution time: 3.182 ms
[2025-01-09 09:11:44] getGroupStatus completed. Execution time: 1.128 ms
[2025-01-09 09:11:44] Group 1 is not completed yet.
[2025-01-09 09:11:44] Program completed. Total execution time: 7.640 ms

===========================================================

