
===========================================================

[2025-01-08 10:36:19] Program started
[2025-01-08 10:36:19] getClientID completed. Execution time: 1.382 ms
[2025-01-08 10:36:19] Read file completed. Execution time: 0.019 ms
[2025-01-08 10:36:19] File saved successfully: uploads/job_1/group_1/result_2
[2025-01-08 10:36:19] Write file completed. Execution time: 3.704 ms
[2025-01-08 10:36:19] getGroupStatus completed. Execution time: 1.133 ms
[2025-01-08 10:36:19] Group 1 is not completed yet.
[2025-01-08 10:36:19] Program completed. Total execution time: 8.283 ms

===========================================================


===========================================================

[2025-01-09 07:30:36] Program started
[2025-01-09 07:30:36] getClientID completed. Execution time: 1.704 ms
[2025-01-09 07:30:36] Client ID mismatch. Expected: , Actual: 2

===========================================================

[2025-01-09 08:36:20] Program started
[2025-01-09 08:36:20] getClientID completed. Execution time: 1.304 ms
[2025-01-09 08:36:20] Client ID mismatch. Expected: , Actual: 2

===========================================================

[2025-01-09 08:44:18] Program started
[2025-01-09 08:44:18] getClientID completed. Execution time: 1.185 ms
[2025-01-09 08:44:18] Client ID mismatch. Expected: , Actual: 2

===========================================================

[2025-01-09 08:46:11] Program started
[2025-01-09 08:46:11] getClientID completed. Execution time: 0.813 ms
[2025-01-09 08:46:11] Client ID mismatch. Expected: , Actual: 2

===========================================================

[2025-01-09 08:56:34] Program started
[2025-01-09 08:56:34] getClientID completed. Execution time: 1.324 ms
[2025-01-09 08:56:34] Read file completed. Execution time: 0.015 ms
[2025-01-09 08:56:34] File saved successfully: uploads/job_1/group_1/result_1
[2025-01-09 08:56:34] Write file completed. Execution time: 13.735 ms
[2025-01-09 08:56:34] getGroupStatus completed. Execution time: 0.792 ms
[2025-01-09 08:56:34] Merge request completed. Execution time (not actual merge.php execution time, but just request): 2.179 ms
[2025-01-09 08:56:34] Program completed. Total execution time: 20.301 ms

===========================================================


===========================================================

[2025-01-09 09:04:22] Program started
[2025-01-09 09:04:22] getClientID completed. Execution time: 1.268 ms
[2025-01-09 09:04:22] Read file completed. Execution time: 0.014 ms
[2025-01-09 09:04:22] File saved successfully: uploads/job_1/group_1/result_0
[2025-01-09 09:04:22] Write file completed. Execution time: 1.999 ms
[2025-01-09 09:04:22] getGroupStatus completed. Execution time: 0.405 ms
[2025-01-09 09:04:22] Merge request completed. Execution time (not actual merge.php execution time, but just request): 0.892 ms
[2025-01-09 09:04:22] Program completed. Total execution time: 6.973 ms

===========================================================


===========================================================

[2025-01-09 09:11:44] Program started
[2025-01-09 09:11:44] getClientID completed. Execution time: 1.684 ms
[2025-01-09 09:11:44] Read file completed. Execution time: 0.022 ms
[2025-01-09 09:11:44] File saved successfully: uploads/job_1/group_1/result_2
[2025-01-09 09:11:44] Write file completed. Execution time: 3.448 ms
[2025-01-09 09:11:44] getGroupStatus completed. Execution time: 0.841 ms
[2025-01-09 09:11:44] Group 1 is not completed yet.
[2025-01-09 09:11:44] Program completed. Total execution time: 7.771 ms

===========================================================

