
===========================================================

[2025-01-16 07:13:30] Program started
[2025-01-16 07:13:30] [getClientID] MySQL connection established. Execution time: 0.025 ms
[2025-01-16 07:13:30] [getClientID] SELECT table_name FROM table_registry WHERE id = :job_id / Execution time: 0.083 ms
[2025-01-16 07:13:30] [getClientID] SELECT client FROM `matrix` WHERE id = :sub_job_id / Execution time: 0.076 ms
[2025-01-16 07:13:30] getClientID completed. Execution time: 0.220 ms
[2025-01-16 07:13:30] Read file completed. Execution time: 0.007 ms
[2025-01-16 07:13:30] File saved successfully: uploads/job_1/group_1/result_3
[2025-01-16 07:13:30] [updateStatus] MySQL connection established. Execution time: 0.021 ms
[2025-01-16 07:13:30] [updateStatus] SELECT table_name FROM table_registry WHERE id = :job_id FOR UPDATE / Execution time: 0.268 ms
[2025-01-16 07:13:30] [updateStatus] UPDATE `matrix` SET status = :status WHERE id = :sub_job_id / Execution time: 0.159 ms
[2025-01-16 07:13:30] [updateStatus] SELECT COUNT(*) AS total, SUM(...) FROM `matrix` / Execution time: 0.090 ms
[2025-01-16 07:13:30] [updateStatus] UPDATE table_registry SET status = :status WHERE id = :job_id / Execution time: 0.052 ms
[2025-01-16 07:13:30] updateStatus completed. Execution time: 1.173 ms
[2025-01-16 07:13:30] Write file completed. Execution time: 1.237 ms
[2025-01-16 07:13:30] [getGroupStatus] MySQL connection established. Execution time: 0.014 ms
[2025-01-16 07:13:30] [getGroupStatus] SELECT table_name FROM table_registry WHERE id = :job_id / Execution time: 0.071 ms
[2025-01-16 07:13:30] [getGroupStatus] SELECT status FROM `matrix` WHERE group_id = :group_id / Execution time: 0.044 ms
[2025-01-16 07:13:30] getGroupStatus completed. Execution time: 0.161 ms
[2025-01-16 07:13:30] Group 1 is not completed yet.
[2025-01-16 07:13:30] Program completed. Total execution time: 2.041 ms

===========================================================

