
===========================================================

[2025-01-08 10:36:18] Program started
[2025-01-08 10:36:18] Distribute job completed. Execution time: 4.827 ms
[2025-01-08 10:36:18] Clean buffer completed. Execution time: 0.005 ms
[2025-01-08 10:36:18] Sending headers:
[2025-01-08 10:36:18]   Content-Length: 99672
[2025-01-08 10:36:18]   MPI-Rank: 0
[2025-01-08 10:36:18]   Group-ID: 1
[2025-01-08 10:36:18]   Job-ID: 1
[2025-01-08 10:36:18]   Sub-Job-ID: 1
[2025-01-08 10:36:18] Send headers completed. Execution time: 0.161 ms
[2025-01-08 10:36:18] Open file completed. Execution time: 0.030 ms
[2025-01-08 10:36:18] Output file completed. Execution time: 0.339 ms
[2025-01-08 10:36:18] Program completed. Total execution time: 6.146 ms

===========================================================


===========================================================

[2025-01-09 07:30:33] Program started
[2025-01-09 07:30:33] Distribute job completed. Execution time: 6.665 ms
[2025-01-09 07:30:33] Clean buffer completed. Execution time: 0.005 ms
[2025-01-09 07:30:33] Sending headers:
[2025-01-09 07:30:33]   Content-Length: 99672
[2025-01-09 07:30:33]   MPI-Rank: 3
[2025-01-09 07:30:33]   Group-ID: 1
[2025-01-09 07:30:33]   Job-ID: 1
[2025-01-09 07:30:33]   Sub-Job-ID: 4
[2025-01-09 07:30:33] Send headers completed. Execution time: 0.176 ms
[2025-01-09 07:30:33] Open file completed. Execution time: 0.031 ms
[2025-01-09 07:30:33] Output file completed. Execution time: 0.353 ms
[2025-01-09 07:30:33] Program completed. Total execution time: 9.251 ms

===========================================================


===========================================================

[2025-01-09 08:36:16] Program started
[2025-01-09 08:36:16] Distribute job completed. Execution time: 4.184 ms
[2025-01-09 08:36:16] Clean buffer completed. Execution time: 0.003 ms
[2025-01-09 08:36:16] Sending headers:
[2025-01-09 08:36:16]   Content-Length: 99608
[2025-01-09 08:36:16]   MPI-Rank: 2
[2025-01-09 08:36:16]   Group-ID: 1
[2025-01-09 08:36:16]   Job-ID: 1
[2025-01-09 08:36:16]   Sub-Job-ID: 3
[2025-01-09 08:36:16] Send headers completed. Execution time: 0.094 ms
[2025-01-09 08:36:16] Open file completed. Execution time: 0.016 ms
[2025-01-09 08:36:16] Output file completed. Execution time: 0.322 ms
[2025-01-09 08:36:16] Timer request completed. Execution time (not actual timer.php execution time, but just request): 4.525 ms
[2025-01-09 08:36:16] Program completed. Total execution time: 10.462 ms

===========================================================


===========================================================

[2025-01-09 08:44:14] Program started
[2025-01-09 08:44:14] Distribute job completed. Execution time: 4.992 ms
[2025-01-09 08:44:14] Clean buffer completed. Execution time: 0.005 ms
[2025-01-09 08:44:14] Sending headers:
[2025-01-09 08:44:14]   Content-Length: 99608
[2025-01-09 08:44:14]   MPI-Rank: 2
[2025-01-09 08:44:14]   Group-ID: 1
[2025-01-09 08:44:14]   Job-ID: 1
[2025-01-09 08:44:14]   Sub-Job-ID: 3
[2025-01-09 08:44:14] Send headers completed. Execution time: 0.199 ms
[2025-01-09 08:44:14] Open file completed. Execution time: 0.031 ms
[2025-01-09 08:44:14] Output file completed. Execution time: 0.419 ms
[2025-01-09 08:44:14] Timer request completed. Execution time (not actual timer.php execution time, but just request): 4.448 ms
[2025-01-09 08:44:14] Program completed. Total execution time: 12.712 ms

===========================================================


===========================================================

[2025-01-09 08:46:07] Program started
[2025-01-09 08:46:07] Distribute job completed. Execution time: 5.874 ms
[2025-01-09 08:46:07] Clean buffer completed. Execution time: 0.007 ms
[2025-01-09 08:46:07] Sending headers:
[2025-01-09 08:46:07]   Content-Length: 99608
[2025-01-09 08:46:07]   MPI-Rank: 0
[2025-01-09 08:46:07]   Group-ID: 1
[2025-01-09 08:46:07]   Job-ID: 1
[2025-01-09 08:46:07]   Sub-Job-ID: 1
[2025-01-09 08:46:07] Send headers completed. Execution time: 0.172 ms
[2025-01-09 08:46:07] Open file completed. Execution time: 0.030 ms
[2025-01-09 08:46:07] Output file completed. Execution time: 0.316 ms
[2025-01-09 08:46:07] Program completed. Total execution time: 8.516 ms

===========================================================


===========================================================

[2025-01-09 08:56:34] Program started
[2025-01-09 08:56:34] Distribute job completed. Execution time: 4.864 ms
[2025-01-09 08:56:34] Clean buffer completed. Execution time: 0.007 ms
[2025-01-09 08:56:34] Sending headers:
[2025-01-09 08:56:34]   Content-Length: 99608
[2025-01-09 08:56:34]   MPI-Rank: 0
[2025-01-09 08:56:34]   Group-ID: 1
[2025-01-09 08:56:34]   Job-ID: 1
[2025-01-09 08:56:34]   Sub-Job-ID: 1
[2025-01-09 08:56:34] Send headers completed. Execution time: 0.188 ms
[2025-01-09 08:56:34] Open file completed. Execution time: 0.035 ms
[2025-01-09 08:56:34] Output file completed. Execution time: 0.466 ms
[2025-01-09 08:56:34] Program completed. Total execution time: 7.679 ms

===========================================================


===========================================================

[2025-01-09 09:04:22] Program started
[2025-01-09 09:04:22] Distribute job completed. Execution time: 4.490 ms
[2025-01-09 09:04:22] Clean buffer completed. Execution time: 0.006 ms
[2025-01-09 09:04:22] Sending headers:
[2025-01-09 09:04:22]   Content-Length: 99608
[2025-01-09 09:04:22]   MPI-Rank: 2
[2025-01-09 09:04:22]   Group-ID: 1
[2025-01-09 09:04:22]   Job-ID: 1
[2025-01-09 09:04:22]   Sub-Job-ID: 3
[2025-01-09 09:04:22] Send headers completed. Execution time: 0.179 ms
[2025-01-09 09:04:22] Open file completed. Execution time: 0.032 ms
[2025-01-09 09:04:22] Output file completed. Execution time: 0.391 ms
[2025-01-09 09:04:22] Timer request completed. Execution time (not actual timer.php execution time, but just request): 4.306 ms
[2025-01-09 09:04:22] Program completed. Total execution time: 11.042 ms

===========================================================


===========================================================

[2025-01-09 09:11:44] Program started
[2025-01-09 09:11:44] Distribute job completed. Execution time: 6.135 ms
[2025-01-09 09:11:44] Clean buffer completed. Execution time: 0.006 ms
[2025-01-09 09:11:44] Sending headers:
[2025-01-09 09:11:44]   Content-Length: 99608
[2025-01-09 09:11:44]   MPI-Rank: 3
[2025-01-09 09:11:44]   Group-ID: 1
[2025-01-09 09:11:44]   Job-ID: 1
[2025-01-09 09:11:44]   Sub-Job-ID: 4
[2025-01-09 09:11:44] Send headers completed. Execution time: 0.410 ms
[2025-01-09 09:11:44] Open file completed. Execution time: 0.062 ms
[2025-01-09 09:11:44] Output file completed. Execution time: 0.451 ms
[2025-01-09 09:11:44] Program completed. Total execution time: 9.438 ms

===========================================================

