
===========================================================

[2025-01-16 07:03:06] Program started
[2025-01-16 07:03:06] [distributeJob] MySQL connection established. Execution time: 0.159 ms
[2025-01-16 07:03:06] [distributeJob] SELECT * FROM table_registry WHERE status <= :status ORDER BY id ASC FOR UPDATE / Execution time: 0.507 ms
[2025-01-16 07:03:06] [distributeJob] SELECT * FROM `matrix` WHERE status = :status ORDER BY id ASC LIMIT 1 FOR UPDATE / Execution time: 0.434 ms
[2025-01-16 07:03:06] [distributeJob] UPDATE `matrix` SET status = :status, client = :client_id WHERE id = :sub_job_id / Execution time: 0.936 ms
[2025-01-16 07:03:06] Distribute job completed. Execution time: 4.242 ms
[2025-01-16 07:03:06] Clean buffer completed. Execution time: 0.006 ms
[2025-01-16 07:03:06] Sending headers:
[2025-01-16 07:03:06]   Content-Length: 99568
[2025-01-16 07:03:06]   MPI-Rank: 5
[2025-01-16 07:03:06]   Group-ID: 1
[2025-01-16 07:03:06]   Job-ID: 1
[2025-01-16 07:03:06]   Sub-Job-ID: 6
[2025-01-16 07:03:06] Send headers completed. Execution time: 0.448 ms
[2025-01-16 07:03:06] Open file completed. Execution time: 0.031 ms
[2025-01-16 07:03:06] Output file completed. Execution time: 0.496 ms
[2025-01-16 07:03:06] Program completed. Total execution time: 7.312 ms

===========================================================


===========================================================

[2025-01-16 07:13:30] Program started
[2025-01-16 07:13:30] [distributeJob] MySQL connection established. Execution time: 0.223 ms
[2025-01-16 07:13:30] [distributeJob] SELECT * FROM table_registry WHERE status <= :status ORDER BY id ASC FOR UPDATE / Execution time: 0.817 ms
[2025-01-16 07:13:30] [distributeJob] SELECT * FROM `matrix` WHERE status = :status ORDER BY id ASC LIMIT 1 FOR UPDATE / Execution time: 0.561 ms
[2025-01-16 07:13:30] [distributeJob] UPDATE `matrix` SET status = :status, client = :client_id WHERE id = :sub_job_id / Execution time: 0.600 ms
[2025-01-16 07:13:30] Distribute job completed. Execution time: 3.856 ms
[2025-01-16 07:13:30] Clean buffer completed. Execution time: 0.007 ms
[2025-01-16 07:13:30] Sending headers:
[2025-01-16 07:13:30]   Content-Length: 99568
[2025-01-16 07:13:30]   MPI-Rank: 5
[2025-01-16 07:13:30]   Group-ID: 1
[2025-01-16 07:13:30]   Job-ID: 1
[2025-01-16 07:13:30]   Sub-Job-ID: 6
[2025-01-16 07:13:30] Send headers completed. Execution time: 0.242 ms
[2025-01-16 07:13:30] Open file completed. Execution time: 0.020 ms
[2025-01-16 07:13:30] Output file completed. Execution time: 0.341 ms
[2025-01-16 07:13:30] Program completed. Total execution time: 7.631 ms

===========================================================

