
===========================================================

[2025-01-16 07:03:06] Program started
[2025-01-16 07:03:06] [distributeJob] MySQL connection established. Execution time: 0.210 ms
[2025-01-16 07:03:06] [distributeJob] SELECT * FROM table_registry WHERE status <= :status ORDER BY id ASC FOR UPDATE / Execution time: 3.307 ms
[2025-01-16 07:03:06] [distributeJob] SELECT * FROM `matrix` WHERE status = :status ORDER BY id ASC LIMIT 1 FOR UPDATE / Execution time: 0.705 ms
[2025-01-16 07:03:06] [distributeJob] UPDATE `matrix` SET status = :status, client = :client_id WHERE id = :sub_job_id / Execution time: 0.767 ms
[2025-01-16 07:03:06] Distribute job completed. Execution time: 7.205 ms
[2025-01-16 07:03:06] Clean buffer completed. Execution time: 0.006 ms
[2025-01-16 07:03:06] Sending headers:
[2025-01-16 07:03:06]   Content-Length: 99568
[2025-01-16 07:03:06]   MPI-Rank: 7
[2025-01-16 07:03:06]   Group-ID: 1
[2025-01-16 07:03:06]   Job-ID: 1
[2025-01-16 07:03:06]   Sub-Job-ID: 8
[2025-01-16 07:03:06] Send headers completed. Execution time: 0.175 ms
[2025-01-16 07:03:06] Open file completed. Execution time: 0.018 ms
[2025-01-16 07:03:06] Output file completed. Execution time: 0.247 ms
[2025-01-16 07:03:07] Timer request completed. Execution time (not actual timer.php execution time, but just request): 4.350 ms
[2025-01-16 07:03:07] Program completed. Total execution time: 16.079 ms

===========================================================


===========================================================

[2025-01-16 07:13:30] Program started
[2025-01-16 07:13:30] [distributeJob] MySQL connection established. Execution time: 0.941 ms
[2025-01-16 07:13:30] [distributeJob] SELECT * FROM table_registry WHERE status <= :status ORDER BY id ASC FOR UPDATE / Execution time: 2.444 ms
[2025-01-16 07:13:30] [distributeJob] SELECT * FROM `matrix` WHERE status = :status ORDER BY id ASC LIMIT 1 FOR UPDATE / Execution time: 0.168 ms
[2025-01-16 07:13:30] [distributeJob] UPDATE `matrix` SET status = :status, client = :client_id WHERE id = :sub_job_id / Execution time: 0.216 ms
[2025-01-16 07:13:30] Distribute job completed. Execution time: 5.133 ms
[2025-01-16 07:13:30] Clean buffer completed. Execution time: 0.003 ms
[2025-01-16 07:13:30] Sending headers:
[2025-01-16 07:13:30]   Content-Length: 99568
[2025-01-16 07:13:30]   MPI-Rank: 3
[2025-01-16 07:13:30]   Group-ID: 1
[2025-01-16 07:13:30]   Job-ID: 1
[2025-01-16 07:13:30]   Sub-Job-ID: 4
[2025-01-16 07:13:30] Send headers completed. Execution time: 0.112 ms
[2025-01-16 07:13:30] Open file completed. Execution time: 0.015 ms
[2025-01-16 07:13:30] Output file completed. Execution time: 0.170 ms
[2025-01-16 07:13:30] Program completed. Total execution time: 8.461 ms

===========================================================

