
===========================================================

[2025-01-16 07:03:06] Program started
[2025-01-16 07:03:06] [distributeJob] MySQL connection established. Execution time: 0.296 ms
[2025-01-16 07:03:06] [distributeJob] SELECT * FROM table_registry WHERE status <= :status ORDER BY id ASC FOR UPDATE / Execution time: 1.908 ms
[2025-01-16 07:03:06] [distributeJob] SELECT * FROM `matrix` WHERE status = :status ORDER BY id ASC LIMIT 1 FOR UPDATE / Execution time: 0.101 ms
[2025-01-16 07:03:06] [distributeJob] UPDATE `matrix` SET status = :status, client = :client_id WHERE id = :sub_job_id / Execution time: 0.099 ms
[2025-01-16 07:03:06] Distribute job completed. Execution time: 3.270 ms
[2025-01-16 07:03:06] Clean buffer completed. Execution time: 0.002 ms
[2025-01-16 07:03:06] Sending headers:
[2025-01-16 07:03:06]   Content-Length: 99568
[2025-01-16 07:03:06]   MPI-Rank: 3
[2025-01-16 07:03:06]   Group-ID: 1
[2025-01-16 07:03:06]   Job-ID: 1
[2025-01-16 07:03:06]   Sub-Job-ID: 4
[2025-01-16 07:03:06] Send headers completed. Execution time: 0.065 ms
[2025-01-16 07:03:06] Open file completed. Execution time: 0.012 ms
[2025-01-16 07:03:06] Output file completed. Execution time: 0.135 ms
[2025-01-16 07:03:06] Program completed. Total execution time: 5.139 ms

===========================================================


===========================================================

[2025-01-16 07:13:30] Program started
[2025-01-16 07:13:30] [distributeJob] MySQL connection established. Execution time: 0.278 ms
[2025-01-16 07:13:30] [distributeJob] SELECT * FROM table_registry WHERE status <= :status ORDER BY id ASC FOR UPDATE / Execution time: 2.469 ms
[2025-01-16 07:13:30] [distributeJob] SELECT * FROM `matrix` WHERE status = :status ORDER BY id ASC LIMIT 1 FOR UPDATE / Execution time: 0.599 ms
[2025-01-16 07:13:30] [distributeJob] UPDATE `matrix` SET status = :status, client = :client_id WHERE id = :sub_job_id / Execution time: 0.625 ms
[2025-01-16 07:13:30] Distribute job completed. Execution time: 5.835 ms
[2025-01-16 07:13:30] Clean buffer completed. Execution time: 0.006 ms
[2025-01-16 07:13:30] Sending headers:
[2025-01-16 07:13:30]   Content-Length: 99568
[2025-01-16 07:13:30]   MPI-Rank: 6
[2025-01-16 07:13:30]   Group-ID: 1
[2025-01-16 07:13:30]   Job-ID: 1
[2025-01-16 07:13:30]   Sub-Job-ID: 7
[2025-01-16 07:13:30] Send headers completed. Execution time: 0.257 ms
[2025-01-16 07:13:30] Open file completed. Execution time: 0.021 ms
[2025-01-16 07:13:30] Output file completed. Execution time: 0.369 ms
[2025-01-16 07:13:30] Program completed. Total execution time: 8.570 ms

===========================================================

