
===========================================================

[2025-01-08 10:36:18] Program started
[2025-01-08 10:36:18] Distribute job completed. Execution time: 4.912 ms
[2025-01-08 10:36:18] Clean buffer completed. Execution time: 0.007 ms
[2025-01-08 10:36:18] Sending headers:
[2025-01-08 10:36:18]   Content-Length: 99672
[2025-01-08 10:36:18]   MPI-Rank: 2
[2025-01-08 10:36:18]   Group-ID: 1
[2025-01-08 10:36:18]   Job-ID: 1
[2025-01-08 10:36:18]   Sub-Job-ID: 3
[2025-01-08 10:36:18] Send headers completed. Execution time: 0.328 ms
[2025-01-08 10:36:18] Open file completed. Execution time: 0.042 ms
[2025-01-08 10:36:18] Output file completed. Execution time: 0.258 ms
[2025-01-08 10:36:18] Timer request completed. Execution time (not actual timer.php execution time, but just request): 4.950 ms
[2025-01-08 10:36:18] Program completed. Total execution time: 12.792 ms

===========================================================


===========================================================

[2025-01-09 07:30:33] Program started
[2025-01-09 07:30:33] Distribute job completed. Execution time: 3.646 ms
[2025-01-09 07:30:33] Clean buffer completed. Execution time: 0.003 ms
[2025-01-09 07:30:33] Sending headers:
[2025-01-09 07:30:33]   Content-Length: 99672
[2025-01-09 07:30:33]   MPI-Rank: 1
[2025-01-09 07:30:33]   Group-ID: 1
[2025-01-09 07:30:33]   Job-ID: 1
[2025-01-09 07:30:33]   Sub-Job-ID: 2
[2025-01-09 07:30:33] Send headers completed. Execution time: 0.122 ms
[2025-01-09 07:30:33] Open file completed. Execution time: 0.027 ms
[2025-01-09 07:30:33] Output file completed. Execution time: 0.323 ms
[2025-01-09 07:30:33] Program completed. Total execution time: 6.126 ms

===========================================================


===========================================================

[2025-01-09 08:36:16] Program started
[2025-01-09 08:36:16] Distribute job completed. Execution time: 5.509 ms
[2025-01-09 08:36:16] Clean buffer completed. Execution time: 0.011 ms
[2025-01-09 08:36:16] Sending headers:
[2025-01-09 08:36:16]   Content-Length: 99608
[2025-01-09 08:36:16]   MPI-Rank: 3
[2025-01-09 08:36:16]   Group-ID: 1
[2025-01-09 08:36:16]   Job-ID: 1
[2025-01-09 08:36:16]   Sub-Job-ID: 4
[2025-01-09 08:36:16] Send headers completed. Execution time: 0.167 ms
[2025-01-09 08:36:16] Open file completed. Execution time: 0.032 ms
[2025-01-09 08:36:16] Output file completed. Execution time: 0.293 ms
[2025-01-09 08:36:16] Program completed. Total execution time: 7.390 ms

===========================================================


===========================================================

[2025-01-09 08:44:14] Program started
[2025-01-09 08:44:14] Distribute job completed. Execution time: 4.880 ms
[2025-01-09 08:44:14] Clean buffer completed. Execution time: 0.009 ms
[2025-01-09 08:44:14] Sending headers:
[2025-01-09 08:44:14]   Content-Length: 99608
[2025-01-09 08:44:14]   MPI-Rank: 1
[2025-01-09 08:44:14]   Group-ID: 1
[2025-01-09 08:44:14]   Job-ID: 1
[2025-01-09 08:44:14]   Sub-Job-ID: 2
[2025-01-09 08:44:14] Send headers completed. Execution time: 0.404 ms
[2025-01-09 08:44:14] Open file completed. Execution time: 0.062 ms
[2025-01-09 08:44:14] Output file completed. Execution time: 0.681 ms
[2025-01-09 08:44:14] Program completed. Total execution time: 9.043 ms

===========================================================


===========================================================

[2025-01-09 08:46:07] Program started
[2025-01-09 08:46:07] Distribute job completed. Execution time: 7.552 ms
[2025-01-09 08:46:07] Clean buffer completed. Execution time: 0.005 ms
[2025-01-09 08:46:07] Sending headers:
[2025-01-09 08:46:07]   Content-Length: 99608
[2025-01-09 08:46:07]   MPI-Rank: 2
[2025-01-09 08:46:07]   Group-ID: 1
[2025-01-09 08:46:07]   Job-ID: 1
[2025-01-09 08:46:07]   Sub-Job-ID: 3
[2025-01-09 08:46:07] Send headers completed. Execution time: 0.170 ms
[2025-01-09 08:46:07] Open file completed. Execution time: 0.033 ms
[2025-01-09 08:46:07] Output file completed. Execution time: 0.330 ms
[2025-01-09 08:46:07] Timer request completed. Execution time (not actual timer.php execution time, but just request): 4.639 ms
[2025-01-09 08:46:07] Program completed. Total execution time: 14.789 ms

===========================================================


===========================================================

[2025-01-09 08:56:34] Program started
[2025-01-09 08:56:34] Distribute job completed. Execution time: 4.866 ms
[2025-01-09 08:56:34] Clean buffer completed. Execution time: 0.006 ms
[2025-01-09 08:56:34] Sending headers:
[2025-01-09 08:56:34]   Content-Length: 99608
[2025-01-09 08:56:34]   MPI-Rank: 1
[2025-01-09 08:56:34]   Group-ID: 1
[2025-01-09 08:56:34]   Job-ID: 1
[2025-01-09 08:56:34]   Sub-Job-ID: 2
[2025-01-09 08:56:34] Send headers completed. Execution time: 0.185 ms
[2025-01-09 08:56:34] Open file completed. Execution time: 0.032 ms
[2025-01-09 08:56:34] Output file completed. Execution time: 0.360 ms
[2025-01-09 08:56:34] Program completed. Total execution time: 8.172 ms

===========================================================


===========================================================

[2025-01-09 09:04:22] Program started
[2025-01-09 09:04:22] Distribute job completed. Execution time: 3.651 ms
[2025-01-09 09:04:22] Clean buffer completed. Execution time: 0.006 ms
[2025-01-09 09:04:22] Sending headers:
[2025-01-09 09:04:22]   Content-Length: 99608
[2025-01-09 09:04:22]   MPI-Rank: 0
[2025-01-09 09:04:22]   Group-ID: 1
[2025-01-09 09:04:22]   Job-ID: 1
[2025-01-09 09:04:22]   Sub-Job-ID: 1
[2025-01-09 09:04:22] Send headers completed. Execution time: 0.139 ms
[2025-01-09 09:04:22] Open file completed. Execution time: 0.026 ms
[2025-01-09 09:04:22] Output file completed. Execution time: 0.281 ms
[2025-01-09 09:04:22] Program completed. Total execution time: 5.602 ms

===========================================================


===========================================================

[2025-01-09 09:11:44] Program started
[2025-01-09 09:11:44] Distribute job completed. Execution time: 5.361 ms
[2025-01-09 09:11:44] Clean buffer completed. Execution time: 0.005 ms
[2025-01-09 09:11:44] Sending headers:
[2025-01-09 09:11:44]   Content-Length: 99608
[2025-01-09 09:11:44]   MPI-Rank: 2
[2025-01-09 09:11:44]   Group-ID: 1
[2025-01-09 09:11:44]   Job-ID: 1
[2025-01-09 09:11:44]   Sub-Job-ID: 3
[2025-01-09 09:11:44] Send headers completed. Execution time: 0.224 ms
[2025-01-09 09:11:44] Open file completed. Execution time: 0.045 ms
[2025-01-09 09:11:44] Output file completed. Execution time: 0.347 ms
[2025-01-09 09:11:44] Timer request completed. Execution time (not actual timer.php execution time, but just request): 4.512 ms
[2025-01-09 09:11:44] Program completed. Total execution time: 12.571 ms

===========================================================


===========================================================

[2025-01-09 09:51:00] Program started
[2025-01-09 09:51:00] Distribute job completed. Execution time: 4.839 ms
[2025-01-09 09:51:00] Clean buffer completed. Execution time: 0.005 ms
[2025-01-09 09:51:00] Sending headers:
[2025-01-09 09:51:00]   Content-Length: 99608
[2025-01-09 09:51:00]   MPI-Rank: 0
[2025-01-09 09:51:00]   Group-ID: 1
[2025-01-09 09:51:00]   Job-ID: 1
[2025-01-09 09:51:00]   Sub-Job-ID: 1
[2025-01-09 09:51:00] Send headers completed. Execution time: 0.179 ms
[2025-01-09 09:51:00] Open file completed. Execution time: 0.031 ms
[2025-01-09 09:51:00] Output file completed. Execution time: 0.334 ms
[2025-01-09 09:51:00] Program completed. Total execution time: 7.412 ms

===========================================================


===========================================================

[2025-01-09 10:01:23] Program started
[2025-01-09 10:01:23] Distribute job completed. Execution time: 5.516 ms
[2025-01-09 10:01:23] Clean buffer completed. Execution time: 0.006 ms
[2025-01-09 10:01:23] Sending headers:
[2025-01-09 10:01:23]   Content-Length: 99608
[2025-01-09 10:01:23]   MPI-Rank: 1
[2025-01-09 10:01:23]   Group-ID: 1
[2025-01-09 10:01:23]   Job-ID: 1
[2025-01-09 10:01:23]   Sub-Job-ID: 2
[2025-01-09 10:01:23] Send headers completed. Execution time: 0.198 ms
[2025-01-09 10:01:23] Open file completed. Execution time: 0.029 ms
[2025-01-09 10:01:23] Output file completed. Execution time: 0.372 ms
[2025-01-09 10:01:23] Program completed. Total execution time: 8.105 ms

===========================================================


===========================================================

[2025-01-14 04:21:47] Program started
[2025-01-14 04:21:47] Distribute job completed. Execution time: 4.982 ms
[2025-01-14 04:21:47] Clean buffer completed. Execution time: 0.007 ms
[2025-01-14 04:21:47] Sending headers:
[2025-01-14 04:21:47]   Content-Length: 99568
[2025-01-14 04:21:47]   MPI-Rank: 3
[2025-01-14 04:21:47]   Group-ID: 1
[2025-01-14 04:21:47]   Job-ID: 1
[2025-01-14 04:21:47]   Sub-Job-ID: 4
[2025-01-14 04:21:47] Send headers completed. Execution time: 0.413 ms
[2025-01-14 04:21:47] Open file completed. Execution time: 0.057 ms
[2025-01-14 04:21:47] Output file completed. Execution time: 0.476 ms
[2025-01-14 04:21:47] Program completed. Total execution time: 8.954 ms

===========================================================


===========================================================

[2025-01-14 05:10:27] Program started
[2025-01-14 05:10:27] Distribute job completed. Execution time: 4.503 ms
[2025-01-14 05:10:27] Clean buffer completed. Execution time: 0.004 ms
[2025-01-14 05:10:27] Sending headers:
[2025-01-14 05:10:27]   Content-Length: 99568
[2025-01-14 05:10:27]   MPI-Rank: 0
[2025-01-14 05:10:27]   Group-ID: 1
[2025-01-14 05:10:27]   Job-ID: 1
[2025-01-14 05:10:27]   Sub-Job-ID: 1
[2025-01-14 05:10:27] Send headers completed. Execution time: 0.135 ms
[2025-01-14 05:10:27] Open file completed. Execution time: 0.021 ms
[2025-01-14 05:10:27] Output file completed. Execution time: 0.244 ms
[2025-01-14 05:10:27] Program completed. Total execution time: 6.617 ms

===========================================================


===========================================================

[2025-01-14 05:13:01] Program started
[2025-01-14 05:13:01] Distribute job completed. Execution time: 4.173 ms
[2025-01-14 05:13:01] Clean buffer completed. Execution time: 0.005 ms
[2025-01-14 05:13:01] Sending headers:
[2025-01-14 05:13:01]   Content-Length: 99568
[2025-01-14 05:13:01]   MPI-Rank: 0
[2025-01-14 05:13:01]   Group-ID: 1
[2025-01-14 05:13:01]   Job-ID: 1
[2025-01-14 05:13:01]   Sub-Job-ID: 1
[2025-01-14 05:13:01] Send headers completed. Execution time: 0.157 ms
[2025-01-14 05:13:01] Open file completed. Execution time: 0.029 ms
[2025-01-14 05:13:01] Output file completed. Execution time: 0.325 ms
[2025-01-14 05:13:01] Program completed. Total execution time: 6.606 ms

===========================================================


===========================================================

[2025-01-14 05:16:04] Program started
[2025-01-14 05:16:04] Distribute job completed. Execution time: 6.023 ms
[2025-01-14 05:16:04] Clean buffer completed. Execution time: 0.005 ms
[2025-01-14 05:16:04] Sending headers:
[2025-01-14 05:16:04]   Content-Length: 99568
[2025-01-14 05:16:04]   MPI-Rank: 3
[2025-01-14 05:16:04]   Group-ID: 1
[2025-01-14 05:16:04]   Job-ID: 1
[2025-01-14 05:16:04]   Sub-Job-ID: 4
[2025-01-14 05:16:04] Send headers completed. Execution time: 0.179 ms
[2025-01-14 05:16:04] Open file completed. Execution time: 0.031 ms
[2025-01-14 05:16:04] Output file completed. Execution time: 0.333 ms
[2025-01-14 05:16:04] Program completed. Total execution time: 9.213 ms

===========================================================


===========================================================

[2025-01-14 06:25:52] Program started
[2025-01-14 06:25:52] Distribute job completed. Execution time: 4.924 ms
[2025-01-14 06:25:52] Clean buffer completed. Execution time: 0.005 ms
[2025-01-14 06:25:52] Sending headers:
[2025-01-14 06:25:52]   Content-Length: 99568
[2025-01-14 06:25:52]   MPI-Rank: 1
[2025-01-14 06:25:52]   Group-ID: 1
[2025-01-14 06:25:52]   Job-ID: 1
[2025-01-14 06:25:52]   Sub-Job-ID: 2
[2025-01-14 06:25:52] Send headers completed. Execution time: 0.398 ms
[2025-01-14 06:25:52] Open file completed. Execution time: 0.063 ms
[2025-01-14 06:25:52] Output file completed. Execution time: 0.533 ms
[2025-01-14 06:25:52] Program completed. Total execution time: 8.247 ms

===========================================================


===========================================================

[2025-01-15 09:24:39] Program started
[2025-01-15 09:24:39] [distributeJob] SELECT * FROM table_registry WHERE status <= :status ORDER BY id ASC FOR UPDATE / Execution time: 3.230 ms
[2025-01-15 09:24:39] [distributeJob] SELECT * FROM `matrix` WHERE status = :status ORDER BY id ASC LIMIT 1 FOR UPDATE / Execution time: 0.231 ms
[2025-01-15 09:24:39] [distributeJob] UPDATE `matrix` SET status = :status, client = :client_id WHERE id = :sub_job_id / Execution time: 0.262 ms
[2025-01-15 09:24:39] Distribute job completed. Execution time: 6.245 ms
[2025-01-15 09:24:39] Clean buffer completed. Execution time: 0.004 ms
[2025-01-15 09:24:39] Sending headers:
[2025-01-15 09:24:39]   Content-Length: 99568
[2025-01-15 09:24:39]   MPI-Rank: 1
[2025-01-15 09:24:39]   Group-ID: 1
[2025-01-15 09:24:39]   Job-ID: 1
[2025-01-15 09:24:39]   Sub-Job-ID: 2
[2025-01-15 09:24:39] Send headers completed. Execution time: 0.145 ms
[2025-01-15 09:24:39] Open file completed. Execution time: 0.064 ms
[2025-01-15 09:24:39] Output file completed. Execution time: 0.340 ms
[2025-01-15 09:24:39] Program completed. Total execution time: 8.698 ms

===========================================================


===========================================================

[2025-01-15 09:42:26] Program started
[2025-01-15 09:42:26] [distributeJob] MySQL connection established. Execution time: 0.862 ms
[2025-01-15 09:42:26] [distributeJob] SELECT * FROM table_registry WHERE status <= :status ORDER BY id ASC FOR UPDATE / Execution time: 3.097 ms
[2025-01-15 09:42:26] [distributeJob] SELECT * FROM `matrix` WHERE status = :status ORDER BY id ASC LIMIT 1 FOR UPDATE / Execution time: 0.491 ms
[2025-01-15 09:42:26] [distributeJob] UPDATE `matrix` SET status = :status, client = :client_id WHERE id = :sub_job_id / Execution time: 0.555 ms
[2025-01-15 09:42:26] Distribute job completed. Execution time: 6.779 ms
[2025-01-15 09:42:26] Clean buffer completed. Execution time: 0.006 ms
[2025-01-15 09:42:26] Sending headers:
[2025-01-15 09:42:26]   Content-Length: 99568
[2025-01-15 09:42:26]   MPI-Rank: 3
[2025-01-15 09:42:26]   Group-ID: 1
[2025-01-15 09:42:26]   Job-ID: 1
[2025-01-15 09:42:26]   Sub-Job-ID: 4
[2025-01-15 09:42:26] Send headers completed. Execution time: 0.437 ms
[2025-01-15 09:42:26] Open file completed. Execution time: 0.055 ms
[2025-01-15 09:42:26] Output file completed. Execution time: 0.324 ms
[2025-01-15 09:42:26] Program completed. Total execution time: 10.471 ms

===========================================================

