
===========================================================

[2025-01-16 07:03:06] Program started
[2025-01-16 07:03:06] [distributeJob] MySQL connection established. Execution time: 0.473 ms
[2025-01-16 07:03:06] [distributeJob] SELECT * FROM table_registry WHERE status <= :status ORDER BY id ASC FOR UPDATE / Execution time: 0.323 ms
[2025-01-16 07:03:06] [distributeJob] SELECT * FROM `matrix` WHERE status = :status ORDER BY id ASC LIMIT 1 FOR UPDATE / Execution time: 0.360 ms
[2025-01-16 07:03:06] [distributeJob] UPDATE `matrix` SET status = :status, client = :client_id WHERE id = :sub_job_id / Execution time: 0.300 ms
[2025-01-16 07:03:06] [distributeJob] UPDATE table_registry SET status = :status WHERE table_name = :table_name / Execution time: 0.182 ms
[2025-01-16 07:03:06] Distribute job completed. Execution time: 3.149 ms
[2025-01-16 07:03:06] Clean buffer completed. Execution time: 0.002 ms
[2025-01-16 07:03:06] Sending headers:
[2025-01-16 07:03:06]   Content-Length: 99568
[2025-01-16 07:03:06]   MPI-Rank: 0
[2025-01-16 07:03:06]   Group-ID: 1
[2025-01-16 07:03:06]   Job-ID: 1
[2025-01-16 07:03:06]   Sub-Job-ID: 1
[2025-01-16 07:03:06] Send headers completed. Execution time: 0.069 ms
[2025-01-16 07:03:06] Open file completed. Execution time: 0.013 ms
[2025-01-16 07:03:06] Output file completed. Execution time: 0.143 ms
[2025-01-16 07:03:06] Program completed. Total execution time: 4.769 ms

===========================================================


===========================================================

[2025-01-16 07:13:30] Program started
[2025-01-16 07:13:30] [distributeJob] MySQL connection established. Execution time: 0.772 ms
[2025-01-16 07:13:30] [distributeJob] SELECT * FROM table_registry WHERE status <= :status ORDER BY id ASC FOR UPDATE / Execution time: 3.355 ms
[2025-01-16 07:13:30] [distributeJob] SELECT * FROM `matrix` WHERE status = :status ORDER BY id ASC LIMIT 1 FOR UPDATE / Execution time: 0.444 ms
[2025-01-16 07:13:30] [distributeJob] UPDATE `matrix` SET status = :status, client = :client_id WHERE id = :sub_job_id / Execution time: 0.424 ms
[2025-01-16 07:13:30] Distribute job completed. Execution time: 6.118 ms
[2025-01-16 07:13:30] Clean buffer completed. Execution time: 0.005 ms
[2025-01-16 07:13:30] Sending headers:
[2025-01-16 07:13:30]   Content-Length: 99568
[2025-01-16 07:13:30]   MPI-Rank: 4
[2025-01-16 07:13:30]   Group-ID: 1
[2025-01-16 07:13:30]   Job-ID: 1
[2025-01-16 07:13:30]   Sub-Job-ID: 5
[2025-01-16 07:13:30] Send headers completed. Execution time: 0.221 ms
[2025-01-16 07:13:30] Open file completed. Execution time: 0.045 ms
[2025-01-16 07:13:30] Output file completed. Execution time: 0.374 ms
[2025-01-16 07:13:30] Program completed. Total execution time: 10.067 ms

===========================================================

