
===========================================================

[2025-01-08 10:36:18] Program started
[2025-01-08 10:36:18] Distribute job completed. Execution time: 4.152 ms
[2025-01-08 10:36:18] Clean buffer completed. Execution time: 0.004 ms
[2025-01-08 10:36:18] Sending headers:
[2025-01-08 10:36:18]   Content-Length: 99672
[2025-01-08 10:36:18]   MPI-Rank: 1
[2025-01-08 10:36:18]   Group-ID: 1
[2025-01-08 10:36:18]   Job-ID: 1
[2025-01-08 10:36:18]   Sub-Job-ID: 2
[2025-01-08 10:36:18] Send headers completed. Execution time: 0.151 ms
[2025-01-08 10:36:18] Open file completed. Execution time: 0.028 ms
[2025-01-08 10:36:18] Output file completed. Execution time: 0.311 ms
[2025-01-08 10:36:18] Program completed. Total execution time: 6.609 ms

===========================================================


===========================================================

[2025-01-09 07:30:33] Program started
[2025-01-09 07:30:33] Distribute job completed. Execution time: 3.282 ms
[2025-01-09 07:30:33] Clean buffer completed. Execution time: 0.005 ms
[2025-01-09 07:30:33] Sending headers:
[2025-01-09 07:30:33]   Content-Length: 99672
[2025-01-09 07:30:33]   MPI-Rank: 0
[2025-01-09 07:30:33]   Group-ID: 1
[2025-01-09 07:30:33]   Job-ID: 1
[2025-01-09 07:30:33]   Sub-Job-ID: 1
[2025-01-09 07:30:33] Send headers completed. Execution time: 0.126 ms
[2025-01-09 07:30:33] Open file completed. Execution time: 0.026 ms
[2025-01-09 07:30:33] Output file completed. Execution time: 0.252 ms
[2025-01-09 07:30:33] Program completed. Total execution time: 5.546 ms

===========================================================


===========================================================

[2025-01-09 08:36:16] Program started
[2025-01-09 08:36:16] Distribute job completed. Execution time: 3.878 ms
[2025-01-09 08:36:16] Clean buffer completed. Execution time: 0.004 ms
[2025-01-09 08:36:16] Sending headers:
[2025-01-09 08:36:16]   Content-Length: 99608
[2025-01-09 08:36:16]   MPI-Rank: 1
[2025-01-09 08:36:16]   Group-ID: 1
[2025-01-09 08:36:16]   Job-ID: 1
[2025-01-09 08:36:16]   Sub-Job-ID: 2
[2025-01-09 08:36:16] Send headers completed. Execution time: 0.110 ms
[2025-01-09 08:36:16] Open file completed. Execution time: 0.019 ms
[2025-01-09 08:36:16] Output file completed. Execution time: 0.208 ms
[2025-01-09 08:36:16] Program completed. Total execution time: 5.665 ms

===========================================================


===========================================================

[2025-01-09 08:44:14] Program started
[2025-01-09 08:44:14] Distribute job completed. Execution time: 5.745 ms
[2025-01-09 08:44:14] Clean buffer completed. Execution time: 0.005 ms
[2025-01-09 08:44:14] Sending headers:
[2025-01-09 08:44:14]   Content-Length: 99608
[2025-01-09 08:44:14]   MPI-Rank: 3
[2025-01-09 08:44:14]   Group-ID: 1
[2025-01-09 08:44:14]   Job-ID: 1
[2025-01-09 08:44:14]   Sub-Job-ID: 4
[2025-01-09 08:44:14] Send headers completed. Execution time: 0.242 ms
[2025-01-09 08:44:14] Open file completed. Execution time: 0.044 ms
[2025-01-09 08:44:14] Output file completed. Execution time: 0.541 ms
[2025-01-09 08:44:14] Program completed. Total execution time: 8.929 ms

===========================================================


===========================================================

[2025-01-09 08:46:07] Program started
[2025-01-09 08:46:07] Distribute job completed. Execution time: 7.750 ms
[2025-01-09 08:46:07] Clean buffer completed. Execution time: 0.006 ms
[2025-01-09 08:46:07] Sending headers:
[2025-01-09 08:46:07]   Content-Length: 99608
[2025-01-09 08:46:07]   MPI-Rank: 3
[2025-01-09 08:46:07]   Group-ID: 1
[2025-01-09 08:46:07]   Job-ID: 1
[2025-01-09 08:46:07]   Sub-Job-ID: 4
[2025-01-09 08:46:07] Send headers completed. Execution time: 0.387 ms
[2025-01-09 08:46:07] Open file completed. Execution time: 0.064 ms
[2025-01-09 08:46:07] Output file completed. Execution time: 0.386 ms
[2025-01-09 08:46:07] Program completed. Total execution time: 10.885 ms

===========================================================


===========================================================

[2025-01-09 08:56:34] Program started
[2025-01-09 08:56:34] Distribute job completed. Execution time: 6.424 ms
[2025-01-09 08:56:34] Clean buffer completed. Execution time: 0.008 ms
[2025-01-09 08:56:34] Sending headers:
[2025-01-09 08:56:34]   Content-Length: 99608
[2025-01-09 08:56:34]   MPI-Rank: 2
[2025-01-09 08:56:34]   Group-ID: 1
[2025-01-09 08:56:34]   Job-ID: 1
[2025-01-09 08:56:34]   Sub-Job-ID: 3
[2025-01-09 08:56:34] Send headers completed. Execution time: 0.374 ms
[2025-01-09 08:56:34] Open file completed. Execution time: 0.062 ms
[2025-01-09 08:56:34] Output file completed. Execution time: 0.368 ms
[2025-01-09 08:56:34] Timer request completed. Execution time (not actual timer.php execution time, but just request): 5.064 ms
[2025-01-09 08:56:34] Program completed. Total execution time: 14.609 ms

===========================================================


===========================================================

[2025-01-09 09:04:22] Program started
[2025-01-09 09:04:22] Distribute job completed. Execution time: 6.528 ms
[2025-01-09 09:04:22] Clean buffer completed. Execution time: 0.005 ms
[2025-01-09 09:04:22] Sending headers:
[2025-01-09 09:04:22]   Content-Length: 99608
[2025-01-09 09:04:22]   MPI-Rank: 3
[2025-01-09 09:04:22]   Group-ID: 1
[2025-01-09 09:04:22]   Job-ID: 1
[2025-01-09 09:04:22]   Sub-Job-ID: 4
[2025-01-09 09:04:22] Send headers completed. Execution time: 0.184 ms
[2025-01-09 09:04:22] Open file completed. Execution time: 0.032 ms
[2025-01-09 09:04:22] Output file completed. Execution time: 0.292 ms
[2025-01-09 09:04:22] Program completed. Total execution time: 8.595 ms

===========================================================


===========================================================

[2025-01-09 09:11:44] Program started
[2025-01-09 09:11:44] Distribute job completed. Execution time: 4.938 ms
[2025-01-09 09:11:44] Clean buffer completed. Execution time: 0.006 ms
[2025-01-09 09:11:44] Sending headers:
[2025-01-09 09:11:44]   Content-Length: 99608
[2025-01-09 09:11:44]   MPI-Rank: 1
[2025-01-09 09:11:44]   Group-ID: 1
[2025-01-09 09:11:44]   Job-ID: 1
[2025-01-09 09:11:44]   Sub-Job-ID: 2
[2025-01-09 09:11:44] Send headers completed. Execution time: 0.184 ms
[2025-01-09 09:11:44] Open file completed. Execution time: 0.055 ms
[2025-01-09 09:11:44] Output file completed. Execution time: 0.365 ms
[2025-01-09 09:11:44] Program completed. Total execution time: 7.021 ms

===========================================================


===========================================================

[2025-01-09 09:51:00] Program started
[2025-01-09 09:51:00] Distribute job completed. Execution time: 6.151 ms
[2025-01-09 09:51:00] Clean buffer completed. Execution time: 0.005 ms
[2025-01-09 09:51:00] Sending headers:
[2025-01-09 09:51:00]   Content-Length: 99608
[2025-01-09 09:51:00]   MPI-Rank: 3
[2025-01-09 09:51:00]   Group-ID: 1
[2025-01-09 09:51:00]   Job-ID: 1
[2025-01-09 09:51:00]   Sub-Job-ID: 4
[2025-01-09 09:51:00] Send headers completed. Execution time: 0.169 ms
[2025-01-09 09:51:00] Open file completed. Execution time: 0.030 ms
[2025-01-09 09:51:00] Output file completed. Execution time: 0.285 ms
[2025-01-09 09:51:00] Program completed. Total execution time: 9.119 ms

===========================================================


===========================================================

[2025-01-09 10:01:23] Program started
[2025-01-09 10:01:23] Distribute job completed. Execution time: 5.724 ms
[2025-01-09 10:01:23] Clean buffer completed. Execution time: 0.005 ms
[2025-01-09 10:01:23] Sending headers:
[2025-01-09 10:01:23]   Content-Length: 99608
[2025-01-09 10:01:23]   MPI-Rank: 3
[2025-01-09 10:01:23]   Group-ID: 1
[2025-01-09 10:01:23]   Job-ID: 1
[2025-01-09 10:01:23]   Sub-Job-ID: 4
[2025-01-09 10:01:23] Send headers completed. Execution time: 0.169 ms
[2025-01-09 10:01:23] Open file completed. Execution time: 0.030 ms
[2025-01-09 10:01:23] Output file completed. Execution time: 0.345 ms
[2025-01-09 10:01:23] Program completed. Total execution time: 8.642 ms

===========================================================


===========================================================

[2025-01-14 04:21:47] Program started
[2025-01-14 04:21:47] Distribute job completed. Execution time: 3.750 ms
[2025-01-14 04:21:47] Clean buffer completed. Execution time: 0.006 ms
[2025-01-14 04:21:47] Sending headers:
[2025-01-14 04:21:47]   Content-Length: 99568
[2025-01-14 04:21:47]   MPI-Rank: 1
[2025-01-14 04:21:47]   Group-ID: 1
[2025-01-14 04:21:47]   Job-ID: 1
[2025-01-14 04:21:47]   Sub-Job-ID: 2
[2025-01-14 04:21:47] Send headers completed. Execution time: 0.173 ms
[2025-01-14 04:21:47] Open file completed. Execution time: 0.034 ms
[2025-01-14 04:21:47] Output file completed. Execution time: 0.360 ms
[2025-01-14 04:21:47] Program completed. Total execution time: 6.346 ms

===========================================================


===========================================================

[2025-01-14 05:10:27] Program started
[2025-01-14 05:10:27] Distribute job completed. Execution time: 3.894 ms
[2025-01-14 05:10:27] Clean buffer completed. Execution time: 0.004 ms
[2025-01-14 05:10:27] Sending headers:
[2025-01-14 05:10:27]   Content-Length: 99568
[2025-01-14 05:10:27]   MPI-Rank: 1
[2025-01-14 05:10:27]   Group-ID: 1
[2025-01-14 05:10:27]   Job-ID: 1
[2025-01-14 05:10:27]   Sub-Job-ID: 2
[2025-01-14 05:10:27] Send headers completed. Execution time: 0.128 ms
[2025-01-14 05:10:27] Open file completed. Execution time: 0.017 ms
[2025-01-14 05:10:27] Output file completed. Execution time: 0.215 ms
[2025-01-14 05:10:27] Program completed. Total execution time: 6.769 ms

===========================================================


===========================================================

[2025-01-14 05:13:01] Program started
[2025-01-14 05:13:01] Distribute job completed. Execution time: 8.733 ms
[2025-01-14 05:13:01] Clean buffer completed. Execution time: 0.005 ms
[2025-01-14 05:13:01] Sending headers:
[2025-01-14 05:13:01]   Content-Length: 99568
[2025-01-14 05:13:01]   MPI-Rank: 3
[2025-01-14 05:13:01]   Group-ID: 1
[2025-01-14 05:13:01]   Job-ID: 1
[2025-01-14 05:13:01]   Sub-Job-ID: 4
[2025-01-14 05:13:01] Send headers completed. Execution time: 0.181 ms
[2025-01-14 05:13:01] Open file completed. Execution time: 0.032 ms
[2025-01-14 05:13:01] Output file completed. Execution time: 0.329 ms
[2025-01-14 05:13:01] Program completed. Total execution time: 11.192 ms

===========================================================


===========================================================

[2025-01-14 05:16:04] Program started
[2025-01-14 05:16:04] Distribute job completed. Execution time: 6.980 ms
[2025-01-14 05:16:04] Clean buffer completed. Execution time: 0.006 ms
[2025-01-14 05:16:04] Sending headers:
[2025-01-14 05:16:04]   Content-Length: 99568
[2025-01-14 05:16:04]   MPI-Rank: 2
[2025-01-14 05:16:04]   Group-ID: 1
[2025-01-14 05:16:04]   Job-ID: 1
[2025-01-14 05:16:04]   Sub-Job-ID: 3
[2025-01-14 05:16:04] Send headers completed. Execution time: 0.507 ms
[2025-01-14 05:16:04] Open file completed. Execution time: 0.065 ms
[2025-01-14 05:16:04] Output file completed. Execution time: 0.607 ms
[2025-01-14 05:16:04] Timer request completed. Execution time (not actual timer.php execution time, but just request): 4.240 ms
[2025-01-14 05:16:04] Program completed. Total execution time: 14.859 ms

===========================================================


===========================================================

[2025-01-14 06:25:52] Program started
[2025-01-14 06:25:52] Distribute job completed. Execution time: 5.333 ms
[2025-01-14 06:25:52] Clean buffer completed. Execution time: 0.006 ms
[2025-01-14 06:25:52] Sending headers:
[2025-01-14 06:25:52]   Content-Length: 99568
[2025-01-14 06:25:52]   MPI-Rank: 3
[2025-01-14 06:25:52]   Group-ID: 1
[2025-01-14 06:25:52]   Job-ID: 1
[2025-01-14 06:25:52]   Sub-Job-ID: 4
[2025-01-14 06:25:52] Send headers completed. Execution time: 0.436 ms
[2025-01-14 06:25:52] Open file completed. Execution time: 0.067 ms
[2025-01-14 06:25:52] Output file completed. Execution time: 0.534 ms
[2025-01-14 06:25:52] Program completed. Total execution time: 9.010 ms

===========================================================


===========================================================

[2025-01-15 09:24:39] Program started
[2025-01-15 09:24:39] [distributeJob] SELECT * FROM table_registry WHERE status <= :status ORDER BY id ASC FOR UPDATE / Execution time: 4.686 ms
[2025-01-15 09:24:39] [distributeJob] SELECT * FROM `matrix` WHERE status = :status ORDER BY id ASC LIMIT 1 FOR UPDATE / Execution time: 0.497 ms
[2025-01-15 09:24:39] [distributeJob] UPDATE `matrix` SET status = :status, client = :client_id WHERE id = :sub_job_id / Execution time: 0.775 ms
[2025-01-15 09:24:39] Distribute job completed. Execution time: 8.403 ms
[2025-01-15 09:24:39] Clean buffer completed. Execution time: 0.009 ms
[2025-01-15 09:24:39] Sending headers:
[2025-01-15 09:24:39]   Content-Length: 99568
[2025-01-15 09:24:39]   MPI-Rank: 3
[2025-01-15 09:24:39]   Group-ID: 1
[2025-01-15 09:24:39]   Job-ID: 1
[2025-01-15 09:24:39]   Sub-Job-ID: 4
[2025-01-15 09:24:39] Send headers completed. Execution time: 0.259 ms
[2025-01-15 09:24:39] Open file completed. Execution time: 0.046 ms
[2025-01-15 09:24:39] Output file completed. Execution time: 0.442 ms
[2025-01-15 09:24:39] Program completed. Total execution time: 11.030 ms

===========================================================


===========================================================

[2025-01-15 09:42:26] Program started
[2025-01-15 09:42:26] [distributeJob] MySQL connection established. Execution time: 0.497 ms
[2025-01-15 09:42:26] [distributeJob] SELECT * FROM table_registry WHERE status <= :status ORDER BY id ASC FOR UPDATE / Execution time: 0.617 ms
[2025-01-15 09:42:26] [distributeJob] SELECT * FROM `matrix` WHERE status = :status ORDER BY id ASC LIMIT 1 FOR UPDATE / Execution time: 0.280 ms
[2025-01-15 09:42:26] [distributeJob] UPDATE `matrix` SET status = :status, client = :client_id WHERE id = :sub_job_id / Execution time: 0.525 ms
[2025-01-15 09:42:26] [distributeJob] UPDATE table_registry SET status = :status WHERE table_name = :table_name / Execution time: 0.313 ms
[2025-01-15 09:42:26] Distribute job completed. Execution time: 4.087 ms
[2025-01-15 09:42:26] Clean buffer completed. Execution time: 0.005 ms
[2025-01-15 09:42:26] Sending headers:
[2025-01-15 09:42:26]   Content-Length: 99568
[2025-01-15 09:42:26]   MPI-Rank: 0
[2025-01-15 09:42:26]   Group-ID: 1
[2025-01-15 09:42:26]   Job-ID: 1
[2025-01-15 09:42:26]   Sub-Job-ID: 1
[2025-01-15 09:42:26] Send headers completed. Execution time: 0.180 ms
[2025-01-15 09:42:26] Open file completed. Execution time: 0.030 ms
[2025-01-15 09:42:26] Output file completed. Execution time: 0.335 ms
[2025-01-15 09:42:26] Program completed. Total execution time: 7.075 ms

===========================================================


===========================================================

[2025-01-15 10:01:18] Program started
[2025-01-15 10:01:18] [distributeJob] MySQL connection established. Execution time: 0.491 ms
[2025-01-15 10:01:18] [distributeJob] SELECT * FROM table_registry WHERE status <= :status ORDER BY id ASC FOR UPDATE / Execution time: 2.763 ms
[2025-01-15 10:01:18] [distributeJob] SELECT * FROM `matrix` WHERE status = :status ORDER BY id ASC LIMIT 1 FOR UPDATE / Execution time: 0.242 ms
[2025-01-15 10:01:18] [distributeJob] UPDATE `matrix` SET status = :status, client = :client_id WHERE id = :sub_job_id / Execution time: 0.159 ms
[2025-01-15 10:01:18] Distribute job completed. Execution time: 4.252 ms
[2025-01-15 10:01:18] Clean buffer completed. Execution time: 0.003 ms
[2025-01-15 10:01:18] Sending headers:
[2025-01-15 10:01:18]   Content-Length: 99568
[2025-01-15 10:01:18]   MPI-Rank: 2
[2025-01-15 10:01:18]   Group-ID: 1
[2025-01-15 10:01:18]   Job-ID: 1
[2025-01-15 10:01:18]   Sub-Job-ID: 3
[2025-01-15 10:01:18] Send headers completed. Execution time: 0.096 ms
[2025-01-15 10:01:18] Open file completed. Execution time: 0.030 ms
[2025-01-15 10:01:18] Output file completed. Execution time: 0.295 ms
[2025-01-15 10:01:18] Timer request completed. Execution time (not actual timer.php execution time, but just request): 5.520 ms
[2025-01-15 10:01:18] Program completed. Total execution time: 12.018 ms

===========================================================


===========================================================

[2025-01-15 10:04:25] Program started
[2025-01-15 10:04:25] [distributeJob] MySQL connection established. Execution time: 0.936 ms
[2025-01-15 10:04:25] [distributeJob] SELECT * FROM table_registry WHERE status <= :status ORDER BY id ASC FOR UPDATE / Execution time: 2.122 ms
[2025-01-15 10:04:25] [distributeJob] SELECT * FROM `matrix` WHERE status = :status ORDER BY id ASC LIMIT 1 FOR UPDATE / Execution time: 0.543 ms
[2025-01-15 10:04:25] [distributeJob] UPDATE `matrix` SET status = :status, client = :client_id WHERE id = :sub_job_id / Execution time: 0.626 ms
[2025-01-15 10:04:25] Distribute job completed. Execution time: 6.249 ms
[2025-01-15 10:04:25] Clean buffer completed. Execution time: 0.006 ms
[2025-01-15 10:04:25] Sending headers:
[2025-01-15 10:04:25]   Content-Length: 99568
[2025-01-15 10:04:25]   MPI-Rank: 2
[2025-01-15 10:04:25]   Group-ID: 1
[2025-01-15 10:04:25]   Job-ID: 1
[2025-01-15 10:04:25]   Sub-Job-ID: 3
[2025-01-15 10:04:25] Send headers completed. Execution time: 0.258 ms
[2025-01-15 10:04:25] Open file completed. Execution time: 0.066 ms
[2025-01-15 10:04:25] Output file completed. Execution time: 0.347 ms
[2025-01-15 10:04:25] Timer request completed. Execution time (not actual timer.php execution time, but just request): 5.283 ms
[2025-01-15 10:04:25] Program completed. Total execution time: 16.044 ms

===========================================================


===========================================================

[2025-01-15 10:17:08] Program started
[2025-01-15 10:17:08] [distributeJob] MySQL connection established. Execution time: 0.735 ms
[2025-01-15 10:17:08] [distributeJob] SELECT * FROM table_registry WHERE status <= :status ORDER BY id ASC FOR UPDATE / Execution time: 2.593 ms
[2025-01-15 10:17:08] [distributeJob] SELECT * FROM `matrix` WHERE status = :status ORDER BY id ASC LIMIT 1 FOR UPDATE / Execution time: 0.339 ms
[2025-01-15 10:17:08] [distributeJob] UPDATE `matrix` SET status = :status, client = :client_id WHERE id = :sub_job_id / Execution time: 0.319 ms
[2025-01-15 10:17:08] Distribute job completed. Execution time: 5.374 ms
[2025-01-15 10:17:08] Clean buffer completed. Execution time: 0.006 ms
[2025-01-15 10:17:08] Sending headers:
[2025-01-15 10:17:08]   Content-Length: 99568
[2025-01-15 10:17:08]   MPI-Rank: 2
[2025-01-15 10:17:08]   Group-ID: 1
[2025-01-15 10:17:08]   Job-ID: 1
[2025-01-15 10:17:08]   Sub-Job-ID: 3
[2025-01-15 10:17:08] Send headers completed. Execution time: 0.202 ms
[2025-01-15 10:17:08] Open file completed. Execution time: 0.038 ms
[2025-01-15 10:17:08] Output file completed. Execution time: 0.383 ms
[2025-01-15 10:17:08] Timer request completed. Execution time (not actual timer.php execution time, but just request): 5.053 ms
[2025-01-15 10:17:08] Program completed. Total execution time: 13.335 ms

===========================================================


===========================================================

[2025-01-15 10:19:26] Program started
[2025-01-15 10:19:26] [distributeJob] MySQL connection established. Execution time: 1.261 ms
[2025-01-15 10:19:26] [distributeJob] SELECT * FROM table_registry WHERE status <= :status ORDER BY id ASC FOR UPDATE / Execution time: 3.529 ms
[2025-01-15 10:19:26] [distributeJob] SELECT * FROM `matrix` WHERE status = :status ORDER BY id ASC LIMIT 1 FOR UPDATE / Execution time: 0.267 ms
[2025-01-15 10:19:26] [distributeJob] UPDATE `matrix` SET status = :status, client = :client_id WHERE id = :sub_job_id / Execution time: 0.187 ms
[2025-01-15 10:19:26] Distribute job completed. Execution time: 6.426 ms
[2025-01-15 10:19:26] Clean buffer completed. Execution time: 0.007 ms
[2025-01-15 10:19:26] Sending headers:
[2025-01-15 10:19:26]   Content-Length: 99568
[2025-01-15 10:19:26]   MPI-Rank: 2
[2025-01-15 10:19:26]   Group-ID: 1
[2025-01-15 10:19:26]   Job-ID: 1
[2025-01-15 10:19:26]   Sub-Job-ID: 3
[2025-01-15 10:19:26] Send headers completed. Execution time: 0.682 ms
[2025-01-15 10:19:26] Open file completed. Execution time: 0.075 ms
[2025-01-15 10:19:26] Output file completed. Execution time: 0.521 ms
[2025-01-15 10:19:26] Timer request completed. Execution time (not actual timer.php execution time, but just request): 5.664 ms
[2025-01-15 10:19:26] Program completed. Total execution time: 16.303 ms

===========================================================


===========================================================

[2025-01-15 10:36:46] Program started
[2025-01-15 10:36:46] [distributeJob] MySQL connection established. Execution time: 0.727 ms
[2025-01-15 10:36:46] [distributeJob] SELECT * FROM table_registry WHERE status <= :status ORDER BY id ASC FOR UPDATE / Execution time: 1.752 ms
[2025-01-15 10:36:46] [distributeJob] SELECT * FROM `matrix` WHERE status = :status ORDER BY id ASC LIMIT 1 FOR UPDATE / Execution time: 0.633 ms
[2025-01-15 10:36:46] [distributeJob] UPDATE `matrix` SET status = :status, client = :client_id WHERE id = :sub_job_id / Execution time: 0.303 ms
[2025-01-15 10:36:46] [distributeJob] UPDATE table_registry SET status = :status WHERE table_name = :table_name / Execution time: 0.284 ms
[2025-01-15 10:36:46] Distribute job completed. Execution time: 5.873 ms
[2025-01-15 10:36:46] Clean buffer completed. Execution time: 0.004 ms
[2025-01-15 10:36:46] Sending headers:
[2025-01-15 10:36:46]   Content-Length: 99568
[2025-01-15 10:36:46]   MPI-Rank: 0
[2025-01-15 10:36:46]   Group-ID: 1
[2025-01-15 10:36:46]   Job-ID: 1
[2025-01-15 10:36:46]   Sub-Job-ID: 1
[2025-01-15 10:36:46] Send headers completed. Execution time: 0.153 ms
[2025-01-15 10:36:46] Open file completed. Execution time: 0.026 ms
[2025-01-15 10:36:46] Output file completed. Execution time: 0.352 ms
[2025-01-15 10:36:46] Program completed. Total execution time: 8.100 ms

===========================================================


===========================================================

[2025-01-15 10:40:24] Program started
[2025-01-15 10:40:24] [distributeJob] MySQL connection established. Execution time: 0.743 ms
[2025-01-15 10:40:24] [distributeJob] SELECT * FROM table_registry WHERE status <= :status ORDER BY id ASC FOR UPDATE / Execution time: 4.501 ms
[2025-01-15 10:40:24] [distributeJob] SELECT * FROM `matrix` WHERE status = :status ORDER BY id ASC LIMIT 1 FOR UPDATE / Execution time: 0.443 ms
[2025-01-15 10:40:24] [distributeJob] UPDATE `matrix` SET status = :status, client = :client_id WHERE id = :sub_job_id / Execution time: 0.314 ms
[2025-01-15 10:40:24] Distribute job completed. Execution time: 7.080 ms
[2025-01-15 10:40:24] Clean buffer completed. Execution time: 0.006 ms
[2025-01-15 10:40:24] Sending headers:
[2025-01-15 10:40:24]   Content-Length: 99568
[2025-01-15 10:40:24]   MPI-Rank: 3
[2025-01-15 10:40:24]   Group-ID: 1
[2025-01-15 10:40:24]   Job-ID: 1
[2025-01-15 10:40:24]   Sub-Job-ID: 4
[2025-01-15 10:40:24] Send headers completed. Execution time: 0.261 ms
[2025-01-15 10:40:24] Open file completed. Execution time: 0.035 ms
[2025-01-15 10:40:24] Output file completed. Execution time: 0.437 ms
[2025-01-15 10:40:24] Program completed. Total execution time: 10.354 ms

===========================================================


===========================================================

[2025-01-15 11:08:10] Program started
[2025-01-15 11:08:10] [distributeJob] MySQL connection established. Execution time: 0.862 ms
[2025-01-15 11:08:10] [distributeJob] SELECT * FROM table_registry WHERE status <= :status ORDER BY id ASC FOR UPDATE / Execution time: 4.141 ms
[2025-01-15 11:08:10] [distributeJob] SELECT * FROM `matrix` WHERE status = :status ORDER BY id ASC LIMIT 1 FOR UPDATE / Execution time: 0.694 ms
[2025-01-15 11:08:10] [distributeJob] UPDATE `matrix` SET status = :status, client = :client_id WHERE id = :sub_job_id / Execution time: 0.525 ms
[2025-01-15 11:08:10] Distribute job completed. Execution time: 7.921 ms
[2025-01-15 11:08:10] Clean buffer completed. Execution time: 0.005 ms
[2025-01-15 11:08:10] Sending headers:
[2025-01-15 11:08:10]   Content-Length: 99568
[2025-01-15 11:08:10]   MPI-Rank: 3
[2025-01-15 11:08:10]   Group-ID: 1
[2025-01-15 11:08:10]   Job-ID: 1
[2025-01-15 11:08:10]   Sub-Job-ID: 4
[2025-01-15 11:08:10] Send headers completed. Execution time: 0.185 ms
[2025-01-15 11:08:10] Open file completed. Execution time: 0.030 ms
[2025-01-15 11:08:10] Output file completed. Execution time: 0.297 ms
[2025-01-15 11:08:10] Program completed. Total execution time: 10.852 ms

===========================================================


===========================================================

[2025-01-15 11:10:19] Program started
[2025-01-15 11:10:19] [distributeJob] MySQL connection established. Execution time: 0.233 ms
[2025-01-15 11:10:19] [distributeJob] SELECT * FROM table_registry WHERE status <= :status ORDER BY id ASC FOR UPDATE / Execution time: 0.779 ms
[2025-01-15 11:10:19] [distributeJob] SELECT * FROM `matrix` WHERE status = :status ORDER BY id ASC LIMIT 1 FOR UPDATE / Execution time: 0.138 ms
[2025-01-15 11:10:19] [distributeJob] UPDATE `matrix` SET status = :status, client = :client_id WHERE id = :sub_job_id / Execution time: 0.124 ms
[2025-01-15 11:10:19] Distribute job completed. Execution time: 2.535 ms
[2025-01-15 11:10:19] Clean buffer completed. Execution time: 0.004 ms
[2025-01-15 11:10:19] Sending headers:
[2025-01-15 11:10:19]   Content-Length: 99568
[2025-01-15 11:10:19]   MPI-Rank: 3
[2025-01-15 11:10:19]   Group-ID: 1
[2025-01-15 11:10:19]   Job-ID: 1
[2025-01-15 11:10:19]   Sub-Job-ID: 4
[2025-01-15 11:10:19] Send headers completed. Execution time: 0.250 ms
[2025-01-15 11:10:19] Open file completed. Execution time: 0.037 ms
[2025-01-15 11:10:19] Output file completed. Execution time: 0.291 ms
[2025-01-15 11:10:19] Program completed. Total execution time: 4.783 ms

===========================================================


===========================================================

[2025-01-16 04:12:56] Program started
[2025-01-16 04:12:56] [distributeJob] MySQL connection established. Execution time: 1.146 ms
[2025-01-16 04:12:56] [distributeJob] SELECT * FROM table_registry WHERE status <= :status ORDER BY id ASC FOR UPDATE / Execution time: 4.007 ms
[2025-01-16 04:12:56] [distributeJob] SELECT * FROM `matrix` WHERE status = :status ORDER BY id ASC LIMIT 1 FOR UPDATE / Execution time: 0.671 ms
[2025-01-16 04:12:56] [distributeJob] UPDATE `matrix` SET status = :status, client = :client_id WHERE id = :sub_job_id / Execution time: 0.569 ms
[2025-01-16 04:12:56] Distribute job completed. Execution time: 8.126 ms
[2025-01-16 04:12:56] Clean buffer completed. Execution time: 0.006 ms
[2025-01-16 04:12:56] Sending headers:
[2025-01-16 04:12:56]   Content-Length: 99568
[2025-01-16 04:12:56]   MPI-Rank: 2
[2025-01-16 04:12:56]   Group-ID: 1
[2025-01-16 04:12:56]   Job-ID: 1
[2025-01-16 04:12:56]   Sub-Job-ID: 3
[2025-01-16 04:12:56] Send headers completed. Execution time: 0.408 ms
[2025-01-16 04:12:56] Open file completed. Execution time: 0.059 ms
[2025-01-16 04:12:56] Output file completed. Execution time: 0.470 ms
[2025-01-16 04:12:56] Timer request completed. Execution time (not actual timer.php execution time, but just request): 4.917 ms
[2025-01-16 04:12:56] Program completed. Total execution time: 17.986 ms

===========================================================


===========================================================

[2025-01-16 04:14:33] Program started
[2025-01-16 04:14:33] [distributeJob] MySQL connection established. Execution time: 0.738 ms
[2025-01-16 04:14:33] [distributeJob] SELECT * FROM table_registry WHERE status <= :status ORDER BY id ASC FOR UPDATE / Execution time: 4.551 ms
[2025-01-16 04:14:33] [distributeJob] SELECT * FROM `matrix` WHERE status = :status ORDER BY id ASC LIMIT 1 FOR UPDATE / Execution time: 0.408 ms
[2025-01-16 04:14:33] [distributeJob] UPDATE `matrix` SET status = :status, client = :client_id WHERE id = :sub_job_id / Execution time: 0.391 ms
[2025-01-16 04:14:33] Distribute job completed. Execution time: 7.379 ms
[2025-01-16 04:14:33] Clean buffer completed. Execution time: 0.006 ms
[2025-01-16 04:14:33] Sending headers:
[2025-01-16 04:14:33]   Content-Length: 99568
[2025-01-16 04:14:33]   MPI-Rank: 3
[2025-01-16 04:14:33]   Group-ID: 1
[2025-01-16 04:14:33]   Job-ID: 1
[2025-01-16 04:14:33]   Sub-Job-ID: 4
[2025-01-16 04:14:33] Send headers completed. Execution time: 0.250 ms
[2025-01-16 04:14:33] Open file completed. Execution time: 0.045 ms
[2025-01-16 04:14:33] Output file completed. Execution time: 0.382 ms
[2025-01-16 04:14:33] Program completed. Total execution time: 10.263 ms

===========================================================


===========================================================

[2025-01-16 04:19:54] Program started
[2025-01-16 04:19:54] [distributeJob] MySQL connection established. Execution time: 0.883 ms
[2025-01-16 04:19:54] [distributeJob] SELECT * FROM table_registry WHERE status <= :status ORDER BY id ASC FOR UPDATE / Execution time: 5.773 ms
[2025-01-16 04:19:54] [distributeJob] SELECT * FROM `matrix` WHERE status = :status ORDER BY id ASC LIMIT 1 FOR UPDATE / Execution time: 0.670 ms
[2025-01-16 04:19:54] [distributeJob] UPDATE `matrix` SET status = :status, client = :client_id WHERE id = :sub_job_id / Execution time: 0.380 ms
[2025-01-16 04:19:54] Distribute job completed. Execution time: 9.023 ms
[2025-01-16 04:19:54] Clean buffer completed. Execution time: 0.004 ms
[2025-01-16 04:19:54] Sending headers:
[2025-01-16 04:19:54]   Content-Length: 99568
[2025-01-16 04:19:54]   MPI-Rank: 2
[2025-01-16 04:19:54]   Group-ID: 1
[2025-01-16 04:19:54]   Job-ID: 1
[2025-01-16 04:19:54]   Sub-Job-ID: 3
[2025-01-16 04:19:54] Send headers completed. Execution time: 0.180 ms
[2025-01-16 04:19:54] Open file completed. Execution time: 0.040 ms
[2025-01-16 04:19:54] Output file completed. Execution time: 0.431 ms
[2025-01-16 04:19:54] Timer request completed. Execution time (not actual timer.php execution time, but just request): 5.244 ms
[2025-01-16 04:19:54] Program completed. Total execution time: 17.602 ms

===========================================================


===========================================================

[2025-01-16 04:31:40] Program started
[2025-01-16 04:31:40] [distributeJob] MySQL connection established. Execution time: 0.270 ms
[2025-01-16 04:31:40] [distributeJob] SELECT * FROM table_registry WHERE status <= :status ORDER BY id ASC FOR UPDATE / Execution time: 2.739 ms
[2025-01-16 04:31:40] [distributeJob] SELECT * FROM `matrix` WHERE status = :status ORDER BY id ASC LIMIT 1 FOR UPDATE / Execution time: 0.221 ms
[2025-01-16 04:31:40] [distributeJob] UPDATE `matrix` SET status = :status, client = :client_id WHERE id = :sub_job_id / Execution time: 0.226 ms
[2025-01-16 04:31:40] Distribute job completed. Execution time: 4.493 ms
[2025-01-16 04:31:40] Clean buffer completed. Execution time: 0.003 ms
[2025-01-16 04:31:40] Sending headers:
[2025-01-16 04:31:40]   Content-Length: 99568
[2025-01-16 04:31:40]   MPI-Rank: 3
[2025-01-16 04:31:40]   Group-ID: 1
[2025-01-16 04:31:40]   Job-ID: 1
[2025-01-16 04:31:40]   Sub-Job-ID: 4
[2025-01-16 04:31:40] Send headers completed. Execution time: 0.129 ms
[2025-01-16 04:31:40] Open file completed. Execution time: 0.022 ms
[2025-01-16 04:31:40] Output file completed. Execution time: 0.253 ms
[2025-01-16 04:31:40] Program completed. Total execution time: 5.770 ms

===========================================================


===========================================================

[2025-01-16 06:57:35] Program started
[2025-01-16 06:57:35] [distributeJob] MySQL connection established. Execution time: 0.396 ms
[2025-01-16 06:57:35] [distributeJob] SELECT * FROM table_registry WHERE status <= :status ORDER BY id ASC FOR UPDATE / Execution time: 0.660 ms
[2025-01-16 06:57:35] [distributeJob] SELECT * FROM `matrix` WHERE status = :status ORDER BY id ASC LIMIT 1 FOR UPDATE / Execution time: 0.466 ms
[2025-01-16 06:57:35] [distributeJob] UPDATE `matrix` SET status = :status, client = :client_id WHERE id = :sub_job_id / Execution time: 0.369 ms
[2025-01-16 06:57:35] [distributeJob] UPDATE table_registry SET status = :status WHERE table_name = :table_name / Execution time: 0.235 ms
[2025-01-16 06:57:35] Distribute job completed. Execution time: 4.152 ms
[2025-01-16 06:57:35] Clean buffer completed. Execution time: 0.003 ms
[2025-01-16 06:57:35] Sending headers:
[2025-01-16 06:57:35]   Content-Length: 99568
[2025-01-16 06:57:35]   MPI-Rank: 0
[2025-01-16 06:57:35]   Group-ID: 1
[2025-01-16 06:57:35]   Job-ID: 1
[2025-01-16 06:57:35]   Sub-Job-ID: 1
[2025-01-16 06:57:35] Send headers completed. Execution time: 0.093 ms
[2025-01-16 06:57:35] Open file completed. Execution time: 0.016 ms
[2025-01-16 06:57:35] Output file completed. Execution time: 0.189 ms
[2025-01-16 06:57:35] Program completed. Total execution time: 6.165 ms

===========================================================


===========================================================

[2025-01-16 07:00:23] Program started
[2025-01-16 07:00:23] [distributeJob] MySQL connection established. Execution time: 0.796 ms
[2025-01-16 07:00:23] [distributeJob] SELECT * FROM table_registry WHERE status <= :status ORDER BY id ASC FOR UPDATE / Execution time: 0.854 ms
[2025-01-16 07:00:23] [distributeJob] SELECT * FROM `matrix` WHERE status = :status ORDER BY id ASC LIMIT 1 FOR UPDATE / Execution time: 0.485 ms
[2025-01-16 07:00:23] [distributeJob] UPDATE `matrix` SET status = :status, client = :client_id WHERE id = :sub_job_id / Execution time: 0.419 ms
[2025-01-16 07:00:23] [distributeJob] UPDATE table_registry SET status = :status WHERE table_name = :table_name / Execution time: 0.272 ms
[2025-01-16 07:00:23] Distribute job completed. Execution time: 5.275 ms
[2025-01-16 07:00:23] Clean buffer completed. Execution time: 0.005 ms
[2025-01-16 07:00:23] Sending headers:
[2025-01-16 07:00:23]   Content-Length: 99568
[2025-01-16 07:00:23]   MPI-Rank: 0
[2025-01-16 07:00:23]   Group-ID: 1
[2025-01-16 07:00:23]   Job-ID: 1
[2025-01-16 07:00:23]   Sub-Job-ID: 1
[2025-01-16 07:00:23] Send headers completed. Execution time: 0.156 ms
[2025-01-16 07:00:23] Open file completed. Execution time: 0.028 ms
[2025-01-16 07:00:23] Output file completed. Execution time: 0.314 ms
[2025-01-16 07:00:23] Program completed. Total execution time: 8.422 ms

===========================================================


===========================================================

[2025-01-16 07:03:06] Program started
[2025-01-16 07:03:06] [distributeJob] MySQL connection established. Execution time: 0.369 ms
[2025-01-16 07:03:06] [distributeJob] SELECT * FROM table_registry WHERE status <= :status ORDER BY id ASC FOR UPDATE / Execution time: 1.060 ms
[2025-01-16 07:03:06] [distributeJob] SELECT * FROM `matrix` WHERE status = :status ORDER BY id ASC LIMIT 1 FOR UPDATE / Execution time: 0.986 ms
[2025-01-16 07:03:06] [distributeJob] UPDATE `matrix` SET status = :status, client = :client_id WHERE id = :sub_job_id / Execution time: 1.060 ms
[2025-01-16 07:03:06] Distribute job completed. Execution time: 5.221 ms
[2025-01-16 07:03:06] Clean buffer completed. Execution time: 0.008 ms
[2025-01-16 07:03:06] Sending headers:
[2025-01-16 07:03:06]   Content-Length: 99568
[2025-01-16 07:03:06]   MPI-Rank: 6
[2025-01-16 07:03:06]   Group-ID: 1
[2025-01-16 07:03:06]   Job-ID: 1
[2025-01-16 07:03:06]   Sub-Job-ID: 7
[2025-01-16 07:03:06] Send headers completed. Execution time: 0.432 ms
[2025-01-16 07:03:06] Open file completed. Execution time: 0.030 ms
[2025-01-16 07:03:06] Output file completed. Execution time: 0.431 ms
[2025-01-16 07:03:06] Program completed. Total execution time: 8.829 ms

===========================================================


===========================================================

[2025-01-16 07:13:30] Program started
[2025-01-16 07:13:30] [distributeJob] MySQL connection established. Execution time: 0.765 ms
[2025-01-16 07:13:30] [distributeJob] SELECT * FROM table_registry WHERE status <= :status ORDER BY id ASC FOR UPDATE / Execution time: 1.860 ms
[2025-01-16 07:13:30] [distributeJob] SELECT * FROM `matrix` WHERE status = :status ORDER BY id ASC LIMIT 1 FOR UPDATE / Execution time: 0.162 ms
[2025-01-16 07:13:30] [distributeJob] UPDATE `matrix` SET status = :status, client = :client_id WHERE id = :sub_job_id / Execution time: 0.161 ms
[2025-01-16 07:13:30] Distribute job completed. Execution time: 4.629 ms
[2025-01-16 07:13:30] Clean buffer completed. Execution time: 0.005 ms
[2025-01-16 07:13:30] Sending headers:
[2025-01-16 07:13:30]   Content-Length: 99568
[2025-01-16 07:13:30]   MPI-Rank: 1
[2025-01-16 07:13:30]   Group-ID: 1
[2025-01-16 07:13:30]   Job-ID: 1
[2025-01-16 07:13:30]   Sub-Job-ID: 2
[2025-01-16 07:13:30] Send headers completed. Execution time: 0.173 ms
[2025-01-16 07:13:30] Open file completed. Execution time: 0.019 ms
[2025-01-16 07:13:30] Output file completed. Execution time: 0.182 ms
[2025-01-16 07:13:30] Program completed. Total execution time: 7.720 ms

===========================================================


===========================================================

[2025-01-16 07:34:15] Program started
[2025-01-16 07:34:15] [distributeJob] MySQL connection established. Execution time: 0.701 ms
[2025-01-16 07:34:15] [distributeJob] SELECT * FROM table_registry WHERE status <= :status ORDER BY id ASC FOR UPDATE / Execution time: 0.904 ms
[2025-01-16 07:34:15] [distributeJob] SELECT * FROM `matrix` WHERE status = :status ORDER BY id ASC LIMIT 1 FOR UPDATE / Execution time: 0.494 ms
[2025-01-16 07:34:15] [distributeJob] UPDATE `matrix` SET status = :status, client = :client_id WHERE id = :sub_job_id / Execution time: 0.612 ms
[2025-01-16 07:34:15] [distributeJob] UPDATE table_registry SET status = :status WHERE table_name = :table_name / Execution time: 0.574 ms
[2025-01-16 07:34:15] Distribute job completed. Execution time: 5.610 ms
[2025-01-16 07:34:15] Clean buffer completed. Execution time: 0.007 ms
[2025-01-16 07:34:15] Sending headers:
[2025-01-16 07:34:15]   Content-Length: 99568
[2025-01-16 07:34:15]   MPI-Rank: 0
[2025-01-16 07:34:15]   Group-ID: 1
[2025-01-16 07:34:15]   Job-ID: 1
[2025-01-16 07:34:15]   Sub-Job-ID: 1
[2025-01-16 07:34:15]   Rank-Count: 4
[2025-01-16 07:34:15] Send headers completed. Execution time: 0.206 ms
[2025-01-16 07:34:15] Open file completed. Execution time: 0.026 ms
[2025-01-16 07:34:15] Output file completed. Execution time: 0.273 ms
[2025-01-16 07:34:15] Program completed. Total execution time: 6.995 ms

===========================================================


===========================================================

[2025-01-16 07:37:48] Program started
[2025-01-16 07:37:48] [distributeJob] MySQL connection established. Execution time: 0.961 ms
[2025-01-16 07:37:48] [distributeJob] SELECT * FROM table_registry WHERE status <= :status ORDER BY id ASC FOR UPDATE / Execution time: 3.788 ms
[2025-01-16 07:37:48] [distributeJob] SELECT * FROM `matrix` WHERE status = :status ORDER BY id ASC LIMIT 1 FOR UPDATE / Execution time: 0.705 ms
[2025-01-16 07:37:48] [distributeJob] UPDATE `matrix` SET status = :status, client = :client_id WHERE id = :sub_job_id / Execution time: 0.490 ms
[2025-01-16 07:37:48] Distribute job completed. Execution time: 7.538 ms
[2025-01-16 07:37:48] Clean buffer completed. Execution time: 0.005 ms
[2025-01-16 07:37:48] Sending headers:
[2025-01-16 07:37:48]   Content-Length: 99568
[2025-01-16 07:37:48]   MPI-Rank: 3
[2025-01-16 07:37:48]   Group-ID: 1
[2025-01-16 07:37:48]   Job-ID: 1
[2025-01-16 07:37:48]   Sub-Job-ID: 4
[2025-01-16 07:37:48]   Rank-Count: 4
[2025-01-16 07:37:48] Send headers completed. Execution time: 0.230 ms
[2025-01-16 07:37:48] Open file completed. Execution time: 0.037 ms
[2025-01-16 07:37:48] Output file completed. Execution time: 0.325 ms
[2025-01-16 07:37:48] Timer request completed. Execution time (not actual timer.php execution time, but just request): 5.396 ms
[2025-01-16 07:37:48] Program completed. Total execution time: 16.528 ms

===========================================================

