
===========================================================

[2025-01-15 10:36:46] Program started: Sleep 3s...
[2025-01-15 10:36:49] Sleep completed
[2025-01-15 10:36:49] [getGroupStatus] MySQL connection established. Execution time: 0.888 ms
[2025-01-15 10:36:49] [getGroupStatus] SELECT table_name FROM table_registry WHERE id = :job_id / Execution time: 0.662 ms
[2025-01-15 10:36:49] [getGroupStatus] SELECT status FROM `matrix` WHERE group_id = :group_id / Execution time: 0.473 ms
[2025-01-15 10:36:49] getGroupStatus completed. Execution time: 2.469 ms
[2025-01-15 10:36:49] Program completed. Total execution time: 3,005.409 ms

===========================================================


===========================================================

[2025-01-16 04:14:33] Program started: Sleep 3s...
[2025-01-16 04:14:36] Sleep completed
[2025-01-16 04:14:36] [getGroupStatus] MySQL connection established. Execution time: 1.099 ms
[2025-01-16 04:14:36] [getGroupStatus] SELECT table_name FROM table_registry WHERE id = :job_id / Execution time: 0.685 ms
[2025-01-16 04:14:36] [getGroupStatus] SELECT status FROM `matrix` WHERE group_id = :group_id / Execution time: 0.308 ms
[2025-01-16 04:14:36] getGroupStatus completed. Execution time: 2.385 ms
[2025-01-16 04:14:36] Program completed. Total execution time: 3,004.869 ms

===========================================================


===========================================================

[2025-01-16 07:00:23] Program started: Sleep 3s...
[2025-01-16 07:00:26] Sleep completed
[2025-01-16 07:00:26] [getGroupStatus] MySQL connection established. Execution time: 0.528 ms
[2025-01-16 07:00:26] [getGroupStatus] SELECT table_name FROM table_registry WHERE id = :job_id / Execution time: 0.568 ms
[2025-01-16 07:00:26] [getGroupStatus] SELECT status FROM `matrix` WHERE group_id = :group_id / Execution time: 0.558 ms
[2025-01-16 07:00:26] getGroupStatus completed. Execution time: 1.849 ms
[2025-01-16 07:00:26] Program completed. Total execution time: 3,005.964 ms

===========================================================


===========================================================

[2025-01-16 07:34:15] Program started: Sleep 3s...
[2025-01-16 07:34:18] Sleep completed
[2025-01-16 07:34:18] [getGroupStatus] MySQL connection established. Execution time: 0.821 ms
[2025-01-16 07:34:18] [getGroupStatus] SELECT table_name FROM table_registry WHERE id = :job_id / Execution time: 0.735 ms
[2025-01-16 07:34:18] [getGroupStatus] SELECT status FROM `matrix` WHERE group_id = :group_id / Execution time: 0.692 ms
[2025-01-16 07:34:18] getGroupStatus completed. Execution time: 2.716 ms
[2025-01-16 07:34:18] Program completed. Total execution time: 3,005.660 ms

===========================================================

